loading word2vec embeddings...
2018-06-01 20:53:54,413: features: INFO: loading nltk english stop words...
2018-06-01 20:53:54,424: features: INFO: set([u'all', u'just', u'being', u'over', u'both', u'through', u'yourselves', u'its', u'before', u'o', u'hadn', u'herself', u'll', u'had', u'should', u'to', u'only', u'won', u'under', u'ours', u'has', u'do', u'them', u'his', u'very', u'they', u'not', u'during', u'now', u'him', u'nor', u'd', u'did', u'didn', u'this', u'she', u'each', u'further', u'where', u'few', u'because', u'doing', u'some', u'hasn', u'are', u'our', u'ourselves', u'out', u'what', u'for', u'while', u're', u'does', u'above', u'between', u'mustn', u't', u'be', u'we', u'who', u'were', u'here', u'shouldn', u'hers', u'by', u'on', u'about', u'couldn', u'of', u'against', u's', u'isn', u'or', u'own', u'into', u'yourself', u'down', u'mightn', u'wasn', u'your', u'from', u'her', u'their', u'aren', u'there', u'been', u'whom', u'too', u'wouldn', u'themselves', u'weren', u'was', u'until', u'more', u'himself', u'that', u'but', u'don', u'with', u'than', u'those', u'he', u'me', u'myself', u'ma', u'these', u'up', u'will', u'below', u'ain', u'can', u'theirs', u'my', u'and', u've', u'then', u'is', u'am', u'it', u'doesn', u'an', u'as', u'itself', u'at', u'have', u'in', u'any', u'if', u'again', u'no', u'when', u'same', u'how', u'other', u'which', u'you', u'shan', u'needn', u'haven', u'after', u'most', u'such', u'why', u'a', u'off', u'i', u'm', u'yours', u'so', u'y', u'the', u'having', u'once'])
2018-06-01 20:53:54,424: features: INFO: 
2018-06-01 20:53:54,551: extract_amt_for_q_ranker: INFO: using ALL features: ['ArticleLength', 'AverageWordEmbedding_Article', 'AverageWordEmbedding_Candidate', 'AverageWordEmbedding_LastK', 'AverageWordEmbedding_User', 'AverageWordEmbedding_kUser', 'BigramOverlap', 'CandidateLength', 'ConfusionWords', 'DialogActCandidate', 'DialogActLastUser', 'DialogLength', 'EntityOverlap', 'GenericTurns', 'IntensifierWords', 'LastUserLength', 'Negation', 'NonStopWordOverlap', 'ProfanityWords', 'SentimentScoreCandidate', 'SentimentScoreLastUser', 'Similarity_CandidateArticle', 'Similarity_CandidateArticle_noStop', 'Similarity_CandidateKUser', 'Similarity_CandidateKUser_noStop', 'Similarity_CandidateLastK', 'Similarity_CandidateLastK_noStop', 'Similarity_CandidateUser', 'TrigramOverlap', 'WhWords']
2018-06-01 20:53:54,874: __main__: INFO: 
2018-06-01 20:53:54,874: __main__: INFO: Namespace(gpu=0, model_prefix='models/q_estimator/SmallR/Small_R-Network[exp14]os+F1_1527642754.88', verbose=False)
2018-06-01 20:53:54,874: __main__: INFO: 
2018-06-01 20:53:54,876: __main__: INFO: old parameters: {u'sentence_hs': 300, u'verbose': False, u'article_bidir': False, u'utterance_hs': 300, u'update_frequence': 2000, u'article_hs': 300, u'epochs': 100000, u'patience': 20, u'mlp_dropout': 0.2, u'context_dropout': 0.2, u'utterance_dropout': 0.2, u'fix_embeddings': False, u'data_f': u'./data/q_ranker_amt_data++_1525301962.86.json', u'experiment': None, u'sentence_bidir': False, u'gpu': 1, u'article_dropout': 0.2, u'optimizer': u'adam', u'learning_rate': 0.001, u'use_custom_encs': True, u'batch_size': 128, u'sentence_dropout': 0.2, u'context_hs': 300, u'predict_rewards': True, u'rnn_gate': u'gru', u'mlp_activation': u'prelu', u'utterance_bidir': False, u'model_name': u'SmallR/Small_R-Network[exp14]os+F1', u'vocab_f': u'./data/q_ranker_amt_vocab_1525301962.86.pkl', u'mode': u'mlp', u'debug': False, u'context_bidir': False, u'gamma': 0.99}
2018-06-01 20:53:54,876: __main__: INFO: 
2018-06-01 20:53:54,876: __main__: INFO: Loading data from ./data/q_ranker_amt_data_1524939554.0.pkl...
2018-06-01 20:54:38,581: __main__: INFO: got 7083 test examples
2018-06-01 20:54:38,582: __main__: INFO: 
2018-06-01 20:54:38,582: __main__: INFO: Loading vocabulary...
2018-06-01 20:54:38,657: __main__: INFO: number of unique tokens: 24448
2018-06-01 20:54:38,657: __main__: INFO: 
2018-06-01 20:54:38,657: __main__: INFO: Get data loaders...
2018-06-01 20:54:38,719: __main__: INFO: done.
2018-06-01 20:54:38,719: __main__: INFO: 
2018-06-01 20:54:38,719: __main__: INFO: Building word embeddings...
2018-06-01 20:54:38,978: __main__: INFO: Got 16787/24448 = 0.686641 pretrained embeddings
2018-06-01 20:54:38,979: __main__: INFO: 
2018-06-01 20:54:38,979: __main__: INFO: Building Q-Network...
2018-06-01 20:54:42,798: __main__: INFO: QNetwork(
(fc_1): Linear(in_features=1579, out_features=789, bias=True)
(fc_2): Linear(in_features=789, out_features=789, bias=True)
(fc_3): Linear(in_features=789, out_features=394, bias=True)
(fc_4): Linear(in_features=394, out_features=2, bias=True)
(dropout): Dropout(p=0.2)
)
2018-06-01 20:54:42,798: __main__: INFO: 
2018-06-01 20:54:42,799: __main__: INFO: cuda available! Moving variables to cuda 0...
2018-06-01 20:54:42,805: __main__: INFO: 
2018-06-01 20:54:42,805: __main__: INFO: Plotting timings...
2018-06-01 20:54:43,005: __main__: INFO: best valid loss: 0.478042 achieved at epoch 4
2018-06-01 20:54:43,005: __main__: INFO: training loss at this epoch: 0.481659
2018-06-01 20:54:43,207: __main__: INFO: best valid acc: 0.8284 achieved at epoch 15
2018-06-01 20:54:43,207: __main__: INFO: training acc at this epoch: 0.939962
2018-06-01 20:54:43,370: __main__: INFO: best valid f1: 0.416963 achieved at epoch 4
2018-06-01 20:54:43,370: __main__: INFO: training f1 at this epoch: 0.770195
2018-06-01 20:54:43,370: __main__: INFO: done.
2018-06-01 20:54:43,370: __main__: INFO: 
2018-06-01 20:54:43,370: __main__: INFO: Testing model in batches...
2018-06-01 20:55:12,001: __main__: INFO: Test loss: 0.472351 - test accuracy:
{
"acc": 0.755327294435216, 
"F1": 0.41170568485351383, 
"FDR": 0.6811036132885908, 
"FOR": 0.08158177950283178, 
"TPR": 0.5894560894533252, 
"FPR": 0.21633047404718503, 
"TNR": 0.783669525952815, 
"NPV": 0.9184182204971681, 
"FNR": 0.4105439105466749, 
"PPV": 0.31889638671140913
}
2018-06-01 20:55:12,001: __main__: INFO: Finished testing. Time elapsed: 28.6311 seconds
2018-06-01 20:55:12,001: __main__: INFO: 
2018-06-01 20:55:12,002: __main__: INFO: Testing model one example at a time & generating report.json
2018-06-01 20:55:43,634: __main__: INFO: Finished 1-by-1 testing. Time elapsed: 31.6326 seconds
2018-06-01 20:55:43,634: __main__: INFO: 
2018-06-01 20:55:43,634: __main__: INFO: Saving report...
2018-06-01 20:55:43,850: __main__: INFO: done.
2018-06-01 20:55:43,851: __main__: INFO: 
2018-06-01 20:55:43,851: __main__: INFO: Measuring recall at predicting best candidate...
2018-06-01 20:55:43,893: __main__: INFO: Predicted like human behavior:
2018-06-01 20:55:43,893: __main__: INFO: - recall@1: 409 / 1028 = 0.39786
2018-06-01 20:55:43,894: __main__: INFO: - recall@2: 655 / 1028 = 0.63716
2018-06-01 20:55:43,894: __main__: INFO: - recall@3: 764 / 1028 = 0.743191
2018-06-01 20:55:43,894: __main__: INFO: - recall@4: 861 / 1028 = 0.837549
2018-06-01 20:55:43,894: __main__: INFO: - recall@5: 924 / 1028 = 0.898833
2018-06-01 20:55:43,894: __main__: INFO: - recall@6: 967 / 1028 = 0.940661
2018-06-01 20:55:43,894: __main__: INFO: - recall@7: 1005 / 1028 = 0.977626
2018-06-01 20:55:43,894: __main__: INFO: - recall@8: 1028 / 1028 = 1
2018-06-01 20:55:43,894: __main__: INFO: - recall@9: 1028 / 1028 = 1
2018-06-01 20:55:44,059: __main__: INFO: 
2018-06-01 20:55:44,059: __main__: INFO: Measuring recall@1 for each context length...
2018-06-01 20:55:44,083: __main__: INFO: Predicted like human behavior:
2018-06-01 20:55:44,083: __main__: INFO: - recall@1 for context of size 1: 114 / 177 = 0.64406779661
2018-06-01 20:55:44,083: __main__: INFO: - recall@1 for context of size 2: 0 / 0 = inf
2018-06-01 20:55:44,083: __main__: INFO: - recall@1 for context of size 3: 53 / 177 = 0.299435028249
2018-06-01 20:55:44,083: __main__: INFO: - recall@1 for context of size 4: 0 / 0 = inf
2018-06-01 20:55:44,083: __main__: INFO: - recall@1 for context of size 5: 53 / 177 = 0.299435028249
2018-06-01 20:55:44,083: __main__: INFO: - recall@1 for context of size 6: 0 / 0 = inf
2018-06-01 20:55:44,083: __main__: INFO: - recall@1 for context of size 7: 62 / 177 = 0.350282485876
2018-06-01 20:55:44,083: __main__: INFO: - recall@1 for context of size 8: 0 / 0 = inf
2018-06-01 20:55:44,083: __main__: INFO: - recall@1 for context of size 9: 71 / 177 = 0.401129943503
2018-06-01 20:55:44,084: __main__: INFO: - recall@1 for context of size 10: 0 / 0 = inf
2018-06-01 20:55:44,084: __main__: INFO: - recall@1 for context of size 11: 29 / 75 = 0.386666666667
2018-06-01 20:55:44,084: __main__: INFO: - recall@1 for context of size 12: 0 / 0 = inf
2018-06-01 20:55:44,084: __main__: INFO: - recall@1 for context of size 13: 11 / 28 = 0.392857142857
2018-06-01 20:55:44,084: __main__: INFO: - recall@1 for context of size 14: 0 / 0 = inf
2018-06-01 20:55:44,084: __main__: INFO: - recall@1 for context of size 15: 4 / 17 = 0.235294117647
2018-06-01 20:55:44,084: __main__: INFO: - recall@1 for context of size 16: 0 / 0 = inf
2018-06-01 20:55:44,084: __main__: INFO: - recall@1 for context of size 17: 6 / 12 = 0.5
2018-06-01 20:55:44,084: __main__: INFO: - recall@1 for context of size 18: 0 / 0 = inf
2018-06-01 20:55:44,084: __main__: INFO: - recall@1 for context of size 19: 3 / 7 = 0.428571428571
2018-06-01 20:55:44,084: __main__: INFO: - recall@1 for context of size 20: 0 / 0 = inf
2018-06-01 20:55:44,084: __main__: INFO: - recall@1 for context of size 21: 3 / 4 = 0.75
q_test.py:1398: RuntimeWarning: invalid value encountered in divide
recalls = np.array(recalls) / np.array(totals)
2018-06-01 20:55:44,291: __main__: INFO: done.
