[nangel3][agent-server-2][~/research/convai/ranker] py q_test.py models/q_estimator/SmallR/Small_R-Network\[exp63\]os+F1_1529609420.51 --gpu 0                                             [105/1995]
loading word2vec embeddings...
2018-07-28 11:57:39,298: features: INFO: loading nltk english stop words...
2018-07-28 11:57:39,311: features: INFO: set([u'all', u'just', u'being', u'over', u'both', u'through', u'yourselves', u'its', u'before', u'o', u'hadn', u'herself', u'll', u'had', u'should', u'to', 
u'only', u'won', u'under', u'ours', u'has', u'do', u'them', u'his', u'very', u'they', u'not', u'during', u'now', u'him', u'nor', u'd', u'did', u'didn', u'this', u'she', u'each', u'further', u'wher$
', u'few', u'because', u'doing', u'some', u'hasn', u'are', u'our', u'ourselves', u'out', u'what', u'for', u'while', u're', u'does', u'above', u'between', u'mustn', u't', u'be', u'we', u'who', u'we$
e', u'here', u'shouldn', u'hers', u'by', u'on', u'about', u'couldn', u'of', u'against', u's', u'isn', u'or', u'own', u'into', u'yourself', u'down', u'mightn', u'wasn', u'your', u'from', u'her', u'$
heir', u'aren', u'there', u'been', u'whom', u'too', u'wouldn', u'themselves', u'weren', u'was', u'until', u'more', u'himself', u'that', u'but', u'don', u'with', u'than', u'those', u'he', u'me', u'$
yself', u'ma', u'these', u'up', u'will', u'below', u'ain', u'can', u'theirs', u'my', u'and', u've', u'then', u'is', u'am', u'it', u'doesn', u'an', u'as', u'itself', u'at', u'have', u'in', u'any', $
'if', u'again', u'no', u'when', u'same', u'how', u'other', u'which', u'you', u'shan', u'needn', u'haven', u'after', u'most', u'such', u'why', u'a', u'off', u'i', u'm', u'yours', u'so', u'y', u'the$
, u'having', u'once'])
2018-07-28 11:57:39,312: features: INFO: 
2018-07-28 11:57:39,450: extract_amt_for_q_ranker: INFO: using ALL features: ['ArticleLength', 'AverageWordEmbedding_Article', 'AverageWordEmbedding_Candidate', 'AverageWordEmbedding_LastK', 'Aver$
geWordEmbedding_User', 'AverageWordEmbedding_kUser', 'BigramOverlap', 'CandidateLength', 'ConfusionWords', 'DialogActCandidate', 'DialogActLastUser', 'DialogLength', 'EntityOverlap', 'GenericTurns$
, 'IntensifierWords', 'LastUserLength', 'Negation', 'NonStopWordOverlap', 'ProfanityWords', 'SentimentScoreCandidate', 'SentimentScoreLastUser', 'Similarity_CandidateArticle', 'Similarity_Candidat$
Article_noStop', 'Similarity_CandidateKUser', 'Similarity_CandidateKUser_noStop', 'Similarity_CandidateLastK', 'Similarity_CandidateLastK_noStop', 'Similarity_CandidateUser', 'TrigramOverlap', 'Wh$
ords']
2018-07-28 11:57:56,424: __main__: INFO: 
2018-07-28 11:57:56,425: __main__: INFO: Namespace(gpu=0, model_prefix='models/q_estimator/SmallR/Small_R-Network[exp63]os+F1_1529609420.51', verbose=False)
2018-07-28 11:57:56,425: __main__: INFO: 
2018-07-28 11:57:56,428: __main__: INFO: old parameters: {u'sentence_hs': 300, u'verbose': False, u'article_bidir': False, u'utterance_hs': 300, u'update_frequence': 2000, u'article_hs': 300, u'ep$
chs': 100000, u'patience': 20, u'mlp_dropout': 0.2, u'context_dropout': 0.2, u'utterance_dropout': 0.2, u'fix_embeddings': False, u'data_f': u'./data/q_ranker_amt_data++_1525301962.86.json', u'exp$
riment': None, u'sentence_bidir': False, u'gpu': 1, u'article_dropout': 0.2, u'optimizer': u'rmsprop', u'learning_rate': 0.0001, u'use_custom_encs': True, u'batch_size': 128, u'sentence_dropout': $
.2, u'context_hs': 300, u'predict_rewards': True, u'rnn_gate': u'gru', u'mlp_activation': u'prelu', u'utterance_bidir': False, u'model_name': u'SmallR/Small_R-Network[exp63]os+F1', u'vocab_f': u'.$
data/q_ranker_amt_vocab_1525301962.86.pkl', u'mode': u'mlp', u'debug': False, u'context_bidir': False, u'gamma': 0.99}
2018-07-28 11:57:56,429: __main__: INFO: 
2018-07-28 11:57:56,429: __main__: INFO: Loading data from ./data/q_ranker_amt_data_1527760664.38.pkl...
2018-07-28 12:05:35,383: __main__: INFO: got 7083 test examples
2018-07-28 12:05:35,384: __main__: INFO: 
2018-07-28 12:05:35,384: __main__: INFO: Loading vocabulary...
2018-07-28 12:05:35,485: __main__: INFO: number of unique tokens: 24448
2018-07-28 12:05:35,485: __main__: INFO: 
2018-07-28 12:05:35,485: __main__: INFO: Get data loaders...
2018-07-28 12:05:35,517: __main__: INFO: done.
2018-07-28 12:05:35,518: __main__: INFO: 
2018-07-28 12:05:35,518: __main__: INFO: Building word embeddings...
2018-07-28 12:05:35,999: __main__: INFO: Got 16787/24448 = 0.686641 pretrained embeddings
2018-07-28 12:05:36,000: __main__: INFO: 
2018-07-28 12:05:36,000: __main__: INFO: Building Q-Network...
2018-07-28 12:05:42,005: __main__: INFO: QNetwork(
(fc_1): Linear(in_features=1579, out_features=789, bias=True)
(fc_2): Linear(in_features=789, out_features=789, bias=True)
(fc_3): Linear(in_features=789, out_features=394, bias=True)
(fc_4): Linear(in_features=394, out_features=2, bias=True)
(dropout): Dropout(p=0.2)
)
2018-07-28 12:05:42,005: __main__: INFO:
2018-07-28 12:05:42,005: __main__: INFO: cuda available! Moving variables to cuda 0...                                                                                                      [58/1995]
2018-07-28 12:05:42,017: __main__: INFO: 
2018-07-28 12:05:42,017: __main__: INFO: Plotting timings...
2018-07-28 12:05:42,340: __main__: INFO: best valid loss: 0.530368 achieved at epoch 5
2018-07-28 12:05:42,340: __main__: INFO: training loss at this epoch: 0.430312
2018-07-28 12:05:42,693: __main__: INFO: best valid acc: 0.827145 achieved at epoch 14
2018-07-28 12:05:42,693: __main__: INFO: training acc at this epoch: 0.925174
2018-07-28 12:05:43,013: __main__: INFO: best valid f1: 0.419906 achieved at epoch 5
2018-07-28 12:05:43,014: __main__: INFO: training f1 at this epoch: 0.804072
2018-07-28 12:05:43,014: __main__: INFO: done.
2018-07-28 12:05:43,014: __main__: INFO: 
2018-07-28 12:05:43,014: __main__: INFO: Testing model in batches...
2018-07-28 12:06:41,093: __main__: INFO: Test loss: 0.515743 - test accuracy:
{
"acc": 0.7514340220099668, 
"F1": 0.4071523733939218, 
"FDR": 0.6849240034942584, 
"FOR": 0.08230845800759523, 
"TPR": 0.5863546734483267, 
"FPR": 0.22056397291489024, 
"TNR": 0.7794360270851094, 
"NPV": 0.9176915419924047, 
"FNR": 0.41364532655167324, 
"PPV": 0.3150759965057421
}
2018-07-28 12:06:41,093: __main__: INFO: Finished testing. Time elapsed: 58.0793 seconds
2018-07-28 12:06:41,093: __main__: INFO: 
2018-07-28 12:06:41,093: __main__: INFO: Testing model one example at a time & generating report.json
2018-07-28 12:07:37,780: __main__: INFO: Now simulating the old chatbot decision policy...
2018-07-28 12:07:46,598: __main__: INFO: Finished 1-by-1 testing. Time elapsed: 65.5048 seconds
2018-07-28 12:07:46,598: __main__: INFO: 
2018-07-28 12:07:46,598: __main__: INFO: Saving report...
2018-07-28 12:07:47,036: __main__: INFO: done.
2018-07-28 12:07:47,036: __main__: INFO: 
2018-07-28 12:07:47,036: __main__: INFO: Measuring recall at predicting best candidate...
2018-07-28 12:07:47,962: __main__: INFO: Predicted like human behavior with rulebased selection: -- avg: 0.7860
2018-07-28 12:07:47,962: __main__: INFO: - recall@1: 379 / 1028 = 0.368677
2018-07-28 12:07:47,962: __main__: INFO: - recall@2: 601 / 1028 = 0.58463
2018-07-28 12:07:47,962: __main__: INFO: - recall@3: 721 / 1028 = 0.701362
2018-07-28 12:07:47,962: __main__: INFO: - recall@4: 802 / 1028 = 0.780156
2018-07-28 12:07:47,962: __main__: INFO: - recall@5: 858 / 1028 = 0.83463
2018-07-28 12:07:47,962: __main__: INFO: - recall@6: 903 / 1028 = 0.878405
2018-07-28 12:07:47,962: __main__: INFO: - recall@7: 952 / 1028 = 0.92607
2018-07-28 12:07:47,963: __main__: INFO: - recall@8: 1028 / 1028 = 1
2018-07-28 12:07:47,963: __main__: INFO: - recall@9: 1028 / 1028 = 1
2018-07-28 12:07:47,963: __main__: INFO: Predicted like human behavior with argmax selection: -- avg: 0.8244
2018-07-28 12:07:47,963: __main__: INFO: - recall@1: 403 / 1028 = 0.392023
2018-07-28 12:07:47,963: __main__: INFO: - recall@2: 651 / 1028 = 0.633268
2018-07-28 12:07:47,963: __main__: INFO: - recall@3: 772 / 1028 = 0.750973
2018-07-28 12:07:47,963: __main__: INFO: - recall@4: 861 / 1028 = 0.837549
2018-07-28 12:07:47,963: __main__: INFO: - recall@5: 917 / 1028 = 0.892023
2018-07-28 12:07:47,963: __main__: INFO: - recall@6: 962 / 1028 = 0.935798
2018-07-28 12:07:47,963: __main__: INFO: - recall@7: 1005 / 1028 = 0.977626
2018-07-28 12:07:47,963: __main__: INFO: - recall@8: 1028 / 1028 = 1
2018-07-28 12:07:47,963: __main__: INFO: - recall@9: 1028 / 1028 = 1
2018-07-28 12:07:47,964: __main__: INFO: Predicted like human behavior with sampled selection: -- avg: 0.7103
2018-07-28 12:07:47,964: __main__: INFO: - recall@1: 234 / 1028 = 0.227626
2018-07-28 12:07:47,965: __main__: INFO: - recall@2: 454 / 1028 = 0.441634
2018-07-28 12:07:47,965: __main__: INFO: - recall@3: 549 / 1028 = 0.534047
2018-07-28 12:07:47,965: __main__: INFO: - recall@4: 660 / 1028 = 0.642023
2018-07-28 12:07:47,965: __main__: INFO: - recall@5: 764 / 1028 = 0.743191
2018-07-28 12:07:47,965: __main__: INFO: - recall@6: 890 / 1028 = 0.865759
2018-07-28 12:07:47,965: __main__: INFO: - recall@7: 965 / 1028 = 0.938716
2018-07-28 12:07:47,966: __main__: INFO: - recall@8: 1028 / 1028 = 1
2018-07-28 12:07:47,966: __main__: INFO: - recall@9: 1028 / 1028 = 1
2018-07-28 12:07:48,327: __main__: INFO: 
2018-07-28 12:07:48,327: __main__: INFO: Measuring recall@1 for each context length...
2018-07-28 12:07:48,838: __main__: INFO: Predicted like human behavior with rulebased selection:
2018-07-28 12:07:48,839: __main__: INFO: - recall@1 for context of size 1: 100 / 177 = 0.564971751412
2018-07-28 12:07:48,839: __main__: INFO: - recall@1 for context of size 3: 59 / 177 = 0.333333333333
2018-07-28 12:07:48,839: __main__: INFO: - recall@1 for context of size 5: 46 / 177 = 0.25988700565
2018-07-28 12:07:48,839: __main__: INFO: - recall@1 for context of size 7: 58 / 177 = 0.327683615819
2018-07-28 12:07:48,839: __main__: INFO: - recall@1 for context of size 9: 59 / 177 = 0.333333333333
2018-07-28 12:07:48,839: __main__: INFO: - recall@1 for context of size 11: 28 / 75 = 0.373333333333
2018-07-28 12:07:48,839: __main__: INFO: - recall@1 for context of size 13: 14 / 28 = 0.5
2018-07-28 12:07:48,839: __main__: INFO: - recall@1 for context of size 15: 5 / 17 = 0.294117647059
2018-07-28 12:07:48,840: __main__: INFO: - recall@1 for context of size 17: 4 / 12 = 0.333333333333
2018-07-28 12:07:48,840: __main__: INFO: - recall@1 for context of size 19: 4 / 7 = 0.571428571429
2018-07-28 12:07:48,840: __main__: INFO: - recall@1 for context of size 21: 2 / 4 = 0.5
2018-07-28 12:07:48,840: __main__: INFO: Predicted like human behavior with argmax selection:
2018-07-28 12:07:48,840: __main__: INFO: - recall@1 for context of size 1: 114 / 177 = 0.64406779661
2018-07-28 12:07:48,840: __main__: INFO: - recall@1 for context of size 3: 58 / 177 = 0.327683615819
2018-07-28 12:07:48,840: __main__: INFO: - recall@1 for context of size 5: 45 / 177 = 0.254237288136
2018-07-28 12:07:48,840: __main__: INFO: - recall@1 for context of size 7: 57 / 177 = 0.322033898305
2018-07-28 12:07:48,841: __main__: INFO: - recall@1 for context of size 9: 65 / 177 = 0.367231638418
2018-07-28 12:07:48,841: __main__: INFO: - recall@1 for context of size 11: 32 / 75 = 0.426666666667
2018-07-28 12:07:48,841: __main__: INFO: - recall@1 for context of size 13: 14 / 28 = 0.5
2018-07-28 12:07:48,841: __main__: INFO: - recall@1 for context of size 15: 6 / 17 = 0.352941176471
2018-07-28 12:07:48,841: __main__: INFO: - recall@1 for context of size 17: 6 / 12 = 0.5
2018-07-28 12:07:48,841: __main__: INFO: - recall@1 for context of size 19: 3 / 7 = 0.428571428571
2018-07-28 12:07:48,841: __main__: INFO: - recall@1 for context of size 21: 3 / 4 = 0.75
2018-07-28 12:07:48,841: __main__: INFO: Predicted like human behavior with sampled selection:
2018-07-28 12:07:48,841: __main__: INFO: - recall@1 for context of size 1: 97 / 177 = 0.54802259887
2018-07-28 12:07:48,842: __main__: INFO: - recall@1 for context of size 3: 29 / 177 = 0.16384180791
2018-07-28 12:07:48,842: __main__: INFO: - recall@1 for context of size 5: 24 / 177 = 0.135593220339
2018-07-28 12:07:48,842: __main__: INFO: - recall@1 for context of size 7: 33 / 177 = 0.186440677966
2018-07-28 12:07:48,842: __main__: INFO: - recall@1 for context of size 9: 24 / 177 = 0.135593220339
2018-07-28 12:07:48,842: __main__: INFO: - recall@1 for context of size 11: 21 / 75 = 0.28
2018-07-28 12:07:48,842: __main__: INFO: - recall@1 for context of size 13: 5 / 28 = 0.178571428571
2018-07-28 12:07:48,842: __main__: INFO: - recall@1 for context of size 15: 2 / 17 = 0.117647058824
2018-07-28 12:07:48,842: __main__: INFO: - recall@1 for context of size 17: 2 / 12 = 0.166666666667
2018-07-28 12:07:48,843: __main__: INFO: - recall@1 for context of size 19: 1 / 7 = 0.142857142857
2018-07-28 12:07:48,843: __main__: INFO: - recall@1 for context of size 21: 0 / 4 = 0.0
2018-07-28 12:07:49,381: __main__: INFO: done.
