loading word2vec embeddings...
2018-05-23 19:54:37,231: features: INFO: loading nltk english stop words...
2018-05-23 19:54:37,238: features: INFO: set([u'all', u'just', u'being', u'over', u'both', u'through', u'yourselves', u'its', u'before', u'o', u'hadn', u'herself', u'll', u'had', u'should', u'to', u'only', u'won', u'under', u'ours', u'has', u'do', u'them', u'his', u'very', u'they', u'not', u'during', u'now', u'him', u'nor', u'd', u'did', u'didn', u'this', u'she', u'each', u'further', u'where', u'few', u'because', u'doing', u'some', u'hasn', u'are', u'our', u'ourselves', u'out', u'what', u'for', u'while', u're', u'does', u'above', u'between', u'mustn', u't', u'be', u'we', u'who', u'were', u'here', u'shouldn', u'hers', u'by', u'on', u'about', u'couldn', u'of', u'against', u's', u'isn', u'or', u'own', u'into', u'yourself', u'down', u'mightn', u'wasn', u'your', u'from', u'her', u'their', u'aren', u'there', u'been', u'whom', u'too', u'wouldn', u'themselves', u'weren', u'was', u'until', u'more', u'himself', u'that', u'but', u'don', u'with', u'than', u'those', u'he', u'me', u'myself', u'ma', u'these', u'up', u'will', u'below', u'ain', u'can', u'theirs', u'my', u'and', u've', u'then', u'is', u'am', u'it', u'doesn', u'an', u'as', u'itself', u'at', u'have', u'in', u'any', u'if', u'again', u'no', u'when', u'same', u'how', u'other', u'which', u'you', u'shan', u'needn', u'haven', u'after', u'most', u'such', u'why', u'a', u'off', u'i', u'm', u'yours', u'so', u'y', u'the', u'having', u'once'])
2018-05-23 19:54:37,238: features: INFO: 
2018-05-23 19:54:37,287: extract_amt_for_q_ranker: INFO: using ALL features: ['ArticleLength', 'AverageWordEmbedding_Article', 'AverageWordEmbedding_Candidate', 'AverageWordEmbedding_LastK', 'AverageWordEmbedding_User', 'AverageWordEmbedding_kUser', 'BigramOverlap', 'CandidateLength', 'ConfusionWords', 'DialogActCandidate', 'DialogActLastUser', 'DialogLength', 'EntityOverlap', 'GenericTurns', 'IntensifierWords', 'LastUserLength', 'Negation', 'NonStopWordOverlap', 'ProfanityWords', 'SentimentScoreCandidate', 'SentimentScoreLastUser', 'Similarity_CandidateArticle', 'Similarity_CandidateArticle_noStop', 'Similarity_CandidateKUser', 'Similarity_CandidateKUser_noStop', 'Similarity_CandidateLastK', 'Similarity_CandidateLastK_noStop', 'Similarity_CandidateUser', 'TrigramOverlap', 'WhWords']
2018-05-23 19:54:37,480: __main__: INFO: 
2018-05-23 19:54:37,480: __main__: INFO: Namespace(gpu=0, model_prefix='models/q_estimator/SmallR/Small_R-Network[exp96]os_1526842175.8', verbose=False)
2018-05-23 19:54:37,481: __main__: INFO: 
2018-05-23 19:54:37,490: __main__: INFO: old parameters: {u'sentence_hs': 300, u'verbose': False, u'article_bidir': False, u'utterance_hs': 300, u'update_frequence': 2000, u'article_hs': 300, u'epochs': 100000, u'patience': 20, u'mlp_dropout': 0.8, u'context_dropout': 0.2, u'utterance_dropout': 0.2, u'fix_embeddings': False, u'data_f': u'./data/q_ranker_amt_data++_1525301962.86.json', u'experiment': None, u'sentence_bidir': False, u'gpu': 0, u'article_dropout': 0.2, u'optimizer': u'adadelta', u'learning_rate': 0.0001, u'batch_size': 128, u'sentence_dropout': 0.2, u'context_hs': 300, u'predict_rewards': True, u'rnn_gate': u'gru', u'mlp_activation': u'prelu', u'utterance_bidir': False, u'model_name': u'SmallR/Small_R-Network[exp96]os', u'vocab_f': u'./data/q_ranker_amt_vocab_1525301962.86.pkl', u'mode': u'mlp', u'debug': False, u'context_bidir': False, u'gamma': 0.99}
2018-05-23 19:54:37,490: __main__: INFO: 
2018-05-23 19:54:37,490: __main__: INFO: Loading data from ./data/q_ranker_amt_data_1524939554.0.pkl...
2018-05-23 19:55:01,692: __main__: INFO: got 7083 test examples
2018-05-23 19:55:01,692: __main__: INFO: 
2018-05-23 19:55:01,692: __main__: INFO: Loading vocabulary...
2018-05-23 19:55:01,727: __main__: INFO: number of unique tokens: 24448
2018-05-23 19:55:01,728: __main__: INFO: 
2018-05-23 19:55:01,728: __main__: INFO: Get data loaders...
2018-05-23 19:55:01,765: __main__: INFO: done.
2018-05-23 19:55:01,765: __main__: INFO: 
2018-05-23 19:55:01,765: __main__: INFO: Building word embeddings...
2018-05-23 19:55:01,865: __main__: INFO: Got 16787/24448 = 0.686641 pretrained embeddings
2018-05-23 19:55:01,865: __main__: INFO: 
2018-05-23 19:55:01,866: __main__: INFO: Building Q-Network...
2018-05-23 19:55:04,289: __main__: INFO: QNetwork(
(fc_1): Linear(in_features=1579, out_features=789, bias=True)
(fc_2): Linear(in_features=789, out_features=789, bias=True)
(fc_3): Linear(in_features=789, out_features=394, bias=True)
(fc_4): Linear(in_features=394, out_features=2, bias=True)
(dropout): Dropout(p=0.8)
)
2018-05-23 19:55:04,289: __main__: INFO: 
2018-05-23 19:55:04,289: __main__: INFO: cuda available! Moving variables to cuda 0...
2018-05-23 19:55:04,292: __main__: INFO: 
2018-05-23 19:55:04,292: __main__: INFO: Plotting timings...
2018-05-23 19:55:04,421: __main__: INFO: best valid loss: 0.506763 achieved at epoch 5
2018-05-23 19:55:04,421: __main__: INFO: training loss at this epoch: 47.253
2018-05-23 19:55:04,508: __main__: INFO: best valid acc: 0.855046 achieved at epoch 0
2018-05-23 19:55:04,508: __main__: INFO: training acc at this epoch: 0.502724
2018-05-23 19:55:04,508: __main__: INFO: done.
2018-05-23 19:55:04,508: __main__: INFO: 
2018-05-23 19:55:04,508: __main__: INFO: Testing model in batches...
2018-05-23 19:55:19,486: __main__: INFO: Test loss: 8.38047 - test accuracy:
{
"acc": 0.8549301806478405, 
"F1": 0.0, 

"TPR": 0.0, 
"TNR": 1.0, 
"PPV": 0.0
"NPV": 0.8549301806478405, 

"FNR": 1.0, 
"FPR": 0.0, 
"FDR": 0.0, 
"FOR": 0.14506981935215948, 
}
2018-05-23 19:55:19,486: __main__: INFO: Finished testing. Time elapsed: 14.9785 seconds
2018-05-23 19:55:19,486: __main__: INFO: 
2018-05-23 19:55:19,486: __main__: INFO: Testing model one example at a time & generating report.json
2018-05-23 19:55:36,101: __main__: INFO: Finished 1-by-1 testing. Time elapsed: 16.6147 seconds
2018-05-23 19:55:36,101: __main__: INFO: 
2018-05-23 19:55:36,101: __main__: INFO: Saving report...
2018-05-23 19:55:36,279: __main__: INFO: done.
2018-05-23 19:55:36,279: __main__: INFO: 
2018-05-23 19:55:36,279: __main__: INFO: Measuring recall at predicting best candidate...
2018-05-23 19:55:36,318: __main__: INFO: Predicted like human behavior:
2018-05-23 19:55:36,318: __main__: INFO: - recall@1: 223 / 1028 = 0.216926
2018-05-23 19:55:36,318: __main__: INFO: - recall@2: 394 / 1028 = 0.383268
2018-05-23 19:55:36,318: __main__: INFO: - recall@3: 522 / 1028 = 0.507782
2018-05-23 19:55:36,318: __main__: INFO: - recall@4: 619 / 1028 = 0.60214
2018-05-23 19:55:36,318: __main__: INFO: - recall@5: 742 / 1028 = 0.72179
2018-05-23 19:55:36,318: __main__: INFO: - recall@6: 847 / 1028 = 0.82393
2018-05-23 19:55:36,318: __main__: INFO: - recall@7: 935 / 1028 = 0.909533
2018-05-23 19:55:36,318: __main__: INFO: - recall@8: 1028 / 1028 = 1
2018-05-23 19:55:36,318: __main__: INFO: - recall@9: 1028 / 1028 = 1
2018-05-23 19:55:36,397: __main__: INFO: done.
