loading word2vec embeddings...
2018-05-23 19:50:02,738: features: INFO: loading nltk english stop words...
2018-05-23 19:50:02,745: features: INFO: set([u'all', u'just', u'being', u'over', u'both', u'through', u'yourselves', u'its', u'before', u'o', u'hadn', u'herself', u'll', u'had', u'should', u'to', u'only', u'won', u'under', u'ours', u'has', u'do', u'them', u'his', u'very', u'they', u'not', u'during', u'now', u'him', u'nor', u'd', u'did', u'didn', u'this', u'she', u'each', u'further', u'where', u'few', u'because', u'doing', u'some', u'hasn', u'are', u'our', u'ourselves', u'out', u'what', u'for', u'while', u're', u'does', u'above', u'between', u'mustn', u't', u'be', u'we', u'who', u'were', u'here', u'shouldn', u'hers', u'by', u'on', u'about', u'couldn', u'of', u'against', u's', u'isn', u'or', u'own', u'into', u'yourself', u'down', u'mightn', u'wasn', u'your', u'from', u'her', u'their', u'aren', u'there', u'been', u'whom', u'too', u'wouldn', u'themselves', u'weren', u'was', u'until', u'more', u'himself', u'that', u'but', u'don', u'with', u'than', u'those', u'he', u'me', u'myself', u'ma', u'these', u'up', u'will', u'below', u'ain', u'can', u'theirs', u'my', u'and', u've', u'then', u'is', u'am', u'it', u'doesn', u'an', u'as', u'itself', u'at', u'have', u'in', u'any', u'if', u'again', u'no', u'when', u'same', u'how', u'other', u'which', u'you', u'shan', u'needn', u'haven', u'after', u'most', u'such', u'why', u'a', u'off', u'i', u'm', u'yours', u'so', u'y', u'the', u'having', u'once'])
2018-05-23 19:50:02,745: features: INFO: 
2018-05-23 19:50:02,793: extract_amt_for_q_ranker: INFO: using ALL features: ['ArticleLength', 'AverageWordEmbedding_Article', 'AverageWordEmbedding_Candidate', 'AverageWordEmbedding_LastK', 'AverageWordEmbedding_User', 'AverageWordEmbedding_kUser', 'BigramOverlap', 'CandidateLength', 'ConfusionWords', 'DialogActCandidate', 'DialogActLastUser', 'DialogLength', 'EntityOverlap', 'GenericTurns', 'IntensifierWords', 'LastUserLength', 'Negation', 'NonStopWordOverlap', 'ProfanityWords', 'SentimentScoreCandidate', 'SentimentScoreLastUser', 'Similarity_CandidateArticle', 'Similarity_CandidateArticle_noStop', 'Similarity_CandidateKUser', 'Similarity_CandidateKUser_noStop', 'Similarity_CandidateLastK', 'Similarity_CandidateLastK_noStop', 'Similarity_CandidateUser', 'TrigramOverlap', 'WhWords']
2018-05-23 19:50:02,951: __main__: INFO: 
2018-05-23 19:50:02,951: __main__: INFO: Namespace(gpu=0, model_prefix='models/q_estimator/SmallR/Small_R-Network[exp72]os_1526560900.46', verbose=False)
2018-05-23 19:50:02,951: __main__: INFO: 
2018-05-23 19:50:02,965: __main__: INFO: old parameters: {u'sentence_hs': 300, u'verbose': False, u'article_bidir': False, u'utterance_hs': 300, u'update_frequence': 2000, u'article_hs': 300, u'epochs': 100000, u'patience': 20, u'mlp_dropout': 0.8, u'context_dropout': 0.2, u'utterance_dropout': 0.2, u'fix_embeddings': False, u'data_f': u'./data/q_ranker_amt_data++_1525301962.86.json', u'experiment': None, u'sentence_bidir': False, u'gpu': 0, u'article_dropout': 0.2, u'optimizer': u'rmsprop', u'learning_rate': 0.0001, u'batch_size': 128, u'sentence_dropout': 0.2, u'context_hs': 300, u'predict_rewards': True, u'rnn_gate': u'gru', u'mlp_activation': u'prelu', u'utterance_bidir': False, u'model_name': u'SmallR/Small_R-Network[exp72]os', u'vocab_f': u'./data/q_ranker_amt_vocab_1525301962.86.pkl', u'mode': u'mlp', u'debug': False, u'context_bidir': False, u'gamma': 0.99}
2018-05-23 19:50:02,966: __main__: INFO: 
2018-05-23 19:50:02,966: __main__: INFO: Loading data from ./data/q_ranker_amt_data_1524939554.0.pkl...
2018-05-23 19:50:27,225: __main__: INFO: got 7083 test examples
2018-05-23 19:50:27,225: __main__: INFO: 
2018-05-23 19:50:27,225: __main__: INFO: Loading vocabulary...
2018-05-23 19:50:27,259: __main__: INFO: number of unique tokens: 24448
2018-05-23 19:50:27,260: __main__: INFO: 
2018-05-23 19:50:27,260: __main__: INFO: Get data loaders...
2018-05-23 19:50:27,293: __main__: INFO: done.
2018-05-23 19:50:27,293: __main__: INFO: 
2018-05-23 19:50:27,293: __main__: INFO: Building word embeddings...
2018-05-23 19:50:27,393: __main__: INFO: Got 16787/24448 = 0.686641 pretrained embeddings
2018-05-23 19:50:27,393: __main__: INFO: 
2018-05-23 19:50:27,393: __main__: INFO: Building Q-Network...
2018-05-23 19:50:29,830: __main__: INFO: QNetwork(
(fc_1): Linear(in_features=1579, out_features=789, bias=True)
(fc_2): Linear(in_features=789, out_features=789, bias=True)
(fc_3): Linear(in_features=789, out_features=394, bias=True)
(fc_4): Linear(in_features=394, out_features=2, bias=True)
(dropout): Dropout(p=0.8)
)
2018-05-23 19:50:29,830: __main__: INFO: 
2018-05-23 19:50:29,830: __main__: INFO: cuda available! Moving variables to cuda 0...
2018-05-23 19:50:29,833: __main__: INFO: 
2018-05-23 19:50:29,833: __main__: INFO: Plotting timings...
2018-05-23 19:50:29,990: __main__: INFO: best valid loss: 0.486576 achieved at epoch 3
2018-05-23 19:50:29,990: __main__: INFO: training loss at this epoch: 0.534416
2018-05-23 19:50:30,075: __main__: INFO: best valid acc: 0.841933 achieved at epoch 47
2018-05-23 19:50:30,076: __main__: INFO: training acc at this epoch: 0.979735
2018-05-23 19:50:30,076: __main__: INFO: done.
2018-05-23 19:50:30,076: __main__: INFO: 
2018-05-23 19:50:30,076: __main__: INFO: Testing model in batches...
2018-05-23 19:50:44,982: __main__: INFO: Test loss: 1.61634 - test accuracy:
{
"acc": 0.83331927429402, 
"F1": 0.3234037662274441, 

"TPR": 0.2768932134257212, 
"TNR": 0.9275547988668537, 
"PPV": 0.40439911395793743
"NPV": 0.883385900649362, 

"FNR": 0.7231067865742791, 
"FPR": 0.07244520113314591, 
"FDR": 0.5956008860420627, 
"FOR": 0.11661409935063793, 
}
2018-05-23 19:50:44,983: __main__: INFO: Finished testing. Time elapsed: 14.9071 seconds
2018-05-23 19:50:44,983: __main__: INFO: 
2018-05-23 19:50:44,983: __main__: INFO: Testing model one example at a time & generating report.json
2018-05-23 19:51:01,660: __main__: INFO: Finished 1-by-1 testing. Time elapsed: 16.6777 seconds
2018-05-23 19:51:01,661: __main__: INFO: 
2018-05-23 19:51:01,661: __main__: INFO: Saving report...
2018-05-23 19:51:01,837: __main__: INFO: done.
2018-05-23 19:51:01,837: __main__: INFO: 
2018-05-23 19:51:01,837: __main__: INFO: Measuring recall at predicting best candidate...
2018-05-23 19:51:01,860: __main__: INFO: Predicted like human behavior:
2018-05-23 19:51:01,860: __main__: INFO: - recall@1: 385 / 1028 = 0.374514
2018-05-23 19:51:01,860: __main__: INFO: - recall@2: 584 / 1028 = 0.568093
2018-05-23 19:51:01,860: __main__: INFO: - recall@3: 713 / 1028 = 0.69358
2018-05-23 19:51:01,860: __main__: INFO: - recall@4: 809 / 1028 = 0.786965
2018-05-23 19:51:01,860: __main__: INFO: - recall@5: 904 / 1028 = 0.879377
2018-05-23 19:51:01,860: __main__: INFO: - recall@6: 953 / 1028 = 0.927043
2018-05-23 19:51:01,860: __main__: INFO: - recall@7: 995 / 1028 = 0.967899
2018-05-23 19:51:01,860: __main__: INFO: - recall@8: 1028 / 1028 = 1
2018-05-23 19:51:01,860: __main__: INFO: - recall@9: 1028 / 1028 = 1

2018-05-24 22:21:04,915: __main__: INFO: Measuring recall@1 for each context length...
2018-05-24 22:21:04,926: __main__: INFO: Predicted like human behavior:
2018-05-24 22:21:04,926: __main__: INFO: - recall@1 for context of size 1: 122 / 1028 = 0.118677
2018-05-24 22:21:04,926: __main__: INFO: - recall@1 for context of size 2: 0 / 1028 = 0
2018-05-24 22:21:04,926: __main__: INFO: - recall@1 for context of size 3: 54 / 1028 = 0.0525292
2018-05-24 22:21:04,926: __main__: INFO: - recall@1 for context of size 4: 0 / 1028 = 0
2018-05-24 22:21:04,926: __main__: INFO: - recall@1 for context of size 5: 43 / 1028 = 0.0418288
2018-05-24 22:21:04,926: __main__: INFO: - recall@1 for context of size 6: 0 / 1028 = 0
2018-05-24 22:21:04,926: __main__: INFO: - recall@1 for context of size 7: 60 / 1028 = 0.0583658
2018-05-24 22:21:04,926: __main__: INFO: - recall@1 for context of size 8: 0 / 1028 = 0
2018-05-24 22:21:04,926: __main__: INFO: - recall@1 for context of size 9: 56 / 1028 = 0.0544747
2018-05-24 22:21:04,926: __main__: INFO: - recall@1 for context of size 10: 0 / 1028 = 0
2018-05-24 22:21:04,926: __main__: INFO: - recall@1 for context of size 11: 23 / 1028 = 0.0223735
2018-05-24 22:21:04,926: __main__: INFO: - recall@1 for context of size 12: 0 / 1028 = 0
2018-05-24 22:21:04,926: __main__: INFO: - recall@1 for context of size 13: 13 / 1028 = 0.0126459
2018-05-24 22:21:04,926: __main__: INFO: - recall@1 for context of size 14: 0 / 1028 = 0
2018-05-24 22:21:04,927: __main__: INFO: - recall@1 for context of size 15: 4 / 1028 = 0.00389105
2018-05-24 22:21:04,927: __main__: INFO: - recall@1 for context of size 16: 0 / 1028 = 0
2018-05-24 22:21:04,927: __main__: INFO: - recall@1 for context of size 17: 4 / 1028 = 0.00389105
2018-05-24 22:21:04,927: __main__: INFO: - recall@1 for context of size 18: 0 / 1028 = 0
2018-05-24 22:21:04,927: __main__: INFO: - recall@1 for context of size 19: 3 / 1028 = 0.00291829
2018-05-24 22:21:04,927: __main__: INFO: - recall@1 for context of size 20: 0 / 1028 = 0
2018-05-24 22:21:04,927: __main__: INFO: - recall@1 for context of size 21: 3 / 1028 = 0.00291829
2018-05-24 22:21:05,048: __main__: INFO: done.
