loading word2vec embeddings...
2018-06-12 16:48:57,476: features: INFO: loading nltk english stop words...
2018-06-12 16:48:57,484: features: INFO: set([u'all', u'just', u'being', u'over', u'both', u'through', u'yourselves', u'its', u'before', u'o', u'hadn', u'herself', u'll', u'had', u'should', u'to', u'only', u'won', u'under', u'ours', u'has', u'do', u'them', u'his', u'very', u'they', u'not', u'during', u'now', u'him', u'nor', u'd', u'did', u'didn', u'this', u'she', u'each', u'further', u'where', u'few', u'because', u'doing', u'some', u'hasn', u'are', u'our', u'ourselves', u'out', u'what', u'for', u'while', u're', u'does', u'above', u'between', u'mustn', u't', u'be', u'we', u'who', u'were', u'here', u'shouldn', u'hers', u'by', u'on', u'about', u'couldn', u'of', u'against', u's', u'isn', u'or', u'own', u'into', u'yourself', u'down', u'mightn', u'wasn', u'your', u'from', u'her', u'their', u'aren', u'there', u'been', u'whom', u'too', u'wouldn', u'themselves', u'weren', u'was', u'until', u'more', u'himself', u'that', u'but', u'don', u'with', u'than', u'those', u'he', u'me', u'myself', u'ma', u'these', u'up', u'will', u'below', u'ain', u'can', u'theirs', u'my', u'and', u've', u'then', u'is', u'am', u'it', u'doesn', u'an', u'as', u'itself', u'at', u'have', u'in', u'any', u'if', u'again', u'no', u'when', u'same', u'how', u'other', u'which', u'you', u'shan', u'needn', u'haven', u'after', u'most', u'such', u'why', u'a', u'off', u'i', u'm', u'yours', u'so', u'y', u'the', u'having', u'once'])
2018-06-12 16:48:57,484: features: INFO: 
2018-06-12 16:48:57,707: extract_amt_for_q_ranker: INFO: using ALL features: ['ArticleLength', 'AverageWordEmbedding_Article', 'AverageWordEmbedding_Candidate', 'AverageWordEmbedding_LastK', 'AverageWordEmbedding_User', 'AverageWordEmbedding_kUser', 'BigramOverlap', 'CandidateLength', 'ConfusionWords', 'DialogActCandidate', 'DialogActLastUser', 'DialogLength', 'EntityOverlap', 'GenericTurns', 'IntensifierWords', 'LastUserLength', 'Negation', 'NonStopWordOverlap', 'ProfanityWords', 'SentimentScoreCandidate', 'SentimentScoreLastUser', 'Similarity_CandidateArticle', 'Similarity_CandidateArticle_noStop', 'Similarity_CandidateKUser', 'Similarity_CandidateKUser_noStop', 'Similarity_CandidateLastK', 'Similarity_CandidateLastK_noStop', 'Similarity_CandidateUser', 'TrigramOverlap', 'WhWords']
2018-06-12 16:49:00,912: __main__: INFO: 
2018-06-12 16:49:00,912: __main__: INFO: Namespace(gpu=0, model_prefix='models/q_estimator/SmallR/Small_R-Network[exp23]os_1525770393.99', verbose=False)
2018-06-12 16:49:00,912: __main__: INFO: 
2018-06-12 16:49:00,915: __main__: INFO: old parameters: {u'sentence_hs': 300, u'verbose': False, u'article_bidir': False, u'utterance_hs': 300, u'update_frequence': 2000, u'article_hs': 300, u'epochs': 100000, u'patience': 20, u'mlp_dropout': 0.8, u'context_dropout': 0.2, u'utterance_dropout': 0.2, u'fix_embeddings': False, u'data_f': u'./data/q_ranker_amt_data++_1525301962.86.json', u'experiment': None, u'sentence_bidir': False, u'gpu': 0, u'article_dropout': 0.2, u'optimizer': u'adam', u'learning_rate': 0.001, u'batch_size': 128, u'sentence_dropout': 0.2, u'context_hs': 300, u'predict_rewards': True, u'rnn_gate': u'gru', u'mlp_activation': u'prelu', u'utterance_bidir': False, u'model_name': u'SmallR/Small_R-Network[exp23]os', u'vocab_f': u'./data/q_ranker_amt_vocab_1525301962.86.pkl', u'mode': u'mlp', u'debug': False, u'context_bidir': False, u'gamma': 0.99}
2018-06-12 16:49:00,915: __main__: INFO: 
2018-06-12 16:49:00,915: __main__: INFO: Loading data from ./data/q_ranker_amt_data_1527760664.38.pkl...
2018-06-12 16:51:10,236: __main__: INFO: got 7083 test examples
2018-06-12 16:51:10,236: __main__: INFO: 
2018-06-12 16:51:10,236: __main__: INFO: Loading vocabulary...
2018-06-12 16:51:10,321: __main__: INFO: number of unique tokens: 24448
2018-06-12 16:51:10,321: __main__: INFO: 
2018-06-12 16:51:10,321: __main__: INFO: Get data loaders...
2018-06-12 16:51:10,345: __main__: INFO: done.
2018-06-12 16:51:10,345: __main__: INFO: 
2018-06-12 16:51:10,345: __main__: INFO: Building word embeddings...
2018-06-12 16:51:10,469: __main__: INFO: Got 16787/24448 = 0.686641 pretrained embeddings
2018-06-12 16:51:10,469: __main__: INFO: 
2018-06-12 16:51:10,469: __main__: INFO: Building Q-Network...
2018-06-12 16:51:30,135: __main__: INFO: QNetwork(
(fc_1): Linear(in_features=1579, out_features=789, bias=True)
(fc_2): Linear(in_features=789, out_features=789, bias=True)
(fc_3): Linear(in_features=789, out_features=394, bias=True)
(fc_4): Linear(in_features=394, out_features=2, bias=True)
(dropout): Dropout(p=0.8)
)
2018-06-12 16:51:30,135: __main__: INFO: 
2018-06-12 16:51:30,135: __main__: INFO: cuda available! Moving variables to cuda 0...
2018-06-12 16:51:30,138: __main__: INFO: 
2018-06-12 16:51:30,138: __main__: INFO: Plotting timings...
2018-06-12 16:51:30,697: __main__: INFO: best valid loss: 0.446726 achieved at epoch 3
2018-06-12 16:51:30,697: __main__: INFO: training loss at this epoch: 0.535829
2018-06-12 16:51:30,786: __main__: INFO: best valid acc: 0.824762 achieved at epoch 52
2018-06-12 16:51:30,786: __main__: INFO: training acc at this epoch: 0.982153
2018-06-12 16:51:30,786: __main__: INFO: done.
2018-06-12 16:51:30,786: __main__: INFO: 
2018-06-12 16:51:30,786: __main__: INFO: Testing model in batches...
2018-06-12 16:51:51,098: __main__: INFO: Test loss: 1.76376 - test accuracy:
{
"acc": 0.8233946740033222, 
"F1": 0.3359204451692609, 
"FDR": 0.6225515360099544, 
"FOR": 0.11375646264079717, 
"TPR": 0.3100026414074401, 
"FPR": 0.08956748434959445, 
"TNR": 0.9104325156504052, 
"NPV": 0.8862435373592026, 
"FNR": 0.6899973585925597, 
"PPV": 0.37744846399004583
}
2018-06-12 16:51:51,098: __main__: INFO: Finished testing. Time elapsed: 20.3119 seconds
2018-06-12 16:51:51,098: __main__: INFO: 
2018-06-12 16:51:51,098: __main__: INFO: Testing model one example at a time & generating report.json
2018-06-12 16:52:08,394: __main__: INFO: Now simulating the old chatbot decision policy...
2018-06-12 16:52:14,692: __main__: INFO: Finished 1-by-1 testing. Time elapsed: 23.5937 seconds
2018-06-12 16:52:14,692: __main__: INFO: 
2018-06-12 16:52:14,692: __main__: INFO: Saving report...
2018-06-12 16:52:15,027: __main__: INFO: done.
2018-06-12 16:52:15,027: __main__: INFO: 
2018-06-12 16:52:15,027: __main__: INFO: Measuring recall at predicting best candidate...
2018-06-12 16:52:15,282: __main__: INFO: Predicted like human behavior with rulebased selection:
2018-06-12 16:52:15,283: __main__: INFO: - recall@1: 313 / 1028 = 0.304475
2018-06-12 16:52:15,283: __main__: INFO: - recall@2: 520 / 1028 = 0.505837
2018-06-12 16:52:15,283: __main__: INFO: - recall@3: 671 / 1028 = 0.652724
2018-06-12 16:52:15,283: __main__: INFO: - recall@4: 737 / 1028 = 0.716926
2018-06-12 16:52:15,283: __main__: INFO: - recall@5: 785 / 1028 = 0.763619
2018-06-12 16:52:15,283: __main__: INFO: - recall@6: 845 / 1028 = 0.821984
2018-06-12 16:52:15,283: __main__: INFO: - recall@7: 878 / 1028 = 0.854086
2018-06-12 16:52:15,283: __main__: INFO: - recall@8: 1028 / 1028 = 1
2018-06-12 16:52:15,283: __main__: INFO: - recall@9: 1028 / 1028 = 1
2018-06-12 16:52:15,283: __main__: INFO: Predicted like human behavior with argmax selection:
2018-06-12 16:52:15,283: __main__: INFO: - recall@1: 361 / 1028 = 0.351167
2018-06-12 16:52:15,283: __main__: INFO: - recall@2: 592 / 1028 = 0.575875
2018-06-12 16:52:15,283: __main__: INFO: - recall@3: 721 / 1028 = 0.701362
2018-06-12 16:52:15,283: __main__: INFO: - recall@4: 818 / 1028 = 0.79572
2018-06-12 16:52:15,283: __main__: INFO: - recall@5: 893 / 1028 = 0.868677
2018-06-12 16:52:15,283: __main__: INFO: - recall@6: 953 / 1028 = 0.927043
2018-06-12 16:52:15,283: __main__: INFO: - recall@7: 994 / 1028 = 0.966926
2018-06-12 16:52:15,283: __main__: INFO: - recall@8: 1028 / 1028 = 1
2018-06-12 16:52:15,283: __main__: INFO: - recall@9: 1028 / 1028 = 1
2018-06-12 16:52:15,283: __main__: INFO: Predicted like human behavior with sampled selection:
2018-06-12 16:52:15,283: __main__: INFO: - recall@1: 200 / 1028 = 0.194553
2018-06-12 16:52:15,283: __main__: INFO: - recall@2: 425 / 1028 = 0.413424
2018-06-12 16:52:15,283: __main__: INFO: - recall@3: 539 / 1028 = 0.524319
2018-06-12 16:52:15,283: __main__: INFO: - recall@4: 654 / 1028 = 0.636187
2018-06-12 16:52:15,283: __main__: INFO: - recall@5: 752 / 1028 = 0.731518
2018-06-12 16:52:15,283: __main__: INFO: - recall@6: 857 / 1028 = 0.833658
2018-06-12 16:52:15,283: __main__: INFO: - recall@7: 953 / 1028 = 0.927043
2018-06-12 16:52:15,283: __main__: INFO: - recall@8: 1028 / 1028 = 1
2018-06-12 16:52:15,283: __main__: INFO: - recall@9: 1028 / 1028 = 1
2018-06-12 16:52:15,390: __main__: INFO: 
2018-06-12 16:52:15,390: __main__: INFO: Measuring recall@1 for each context length...
2018-06-12 16:52:15,496: __main__: INFO: Predicted like human behavior with rulebased selection:
2018-06-12 16:52:15,496: __main__: INFO: - recall@1 for context of size 1: 88 / 177 = 0.497175141243
2018-06-12 16:52:15,496: __main__: INFO: - recall@1 for context of size 3: 44 / 177 = 0.248587570621
2018-06-12 16:52:15,496: __main__: INFO: - recall@1 for context of size 5: 39 / 177 = 0.220338983051
2018-06-12 16:52:15,496: __main__: INFO: - recall@1 for context of size 7: 41 / 177 = 0.231638418079
2018-06-12 16:52:15,496: __main__: INFO: - recall@1 for context of size 9: 54 / 177 = 0.305084745763
2018-06-12 16:52:15,496: __main__: INFO: - recall@1 for context of size 11: 25 / 75 = 0.333333333333
2018-06-12 16:52:15,496: __main__: INFO: - recall@1 for context of size 13: 9 / 28 = 0.321428571429
2018-06-12 16:52:15,496: __main__: INFO: - recall@1 for context of size 15: 6 / 17 = 0.352941176471
2018-06-12 16:52:15,496: __main__: INFO: - recall@1 for context of size 17: 3 / 12 = 0.25
2018-06-12 16:52:15,496: __main__: INFO: - recall@1 for context of size 19: 3 / 7 = 0.428571428571
2018-06-12 16:52:15,496: __main__: INFO: - recall@1 for context of size 21: 1 / 4 = 0.25
2018-06-12 16:52:15,496: __main__: INFO: Predicted like human behavior with argmax selection:
2018-06-12 16:52:15,496: __main__: INFO: - recall@1 for context of size 1: 114 / 177 = 0.64406779661
2018-06-12 16:52:15,496: __main__: INFO: - recall@1 for context of size 3: 53 / 177 = 0.299435028249
2018-06-12 16:52:15,496: __main__: INFO: - recall@1 for context of size 5: 34 / 177 = 0.19209039548
2018-06-12 16:52:15,496: __main__: INFO: - recall@1 for context of size 7: 51 / 177 = 0.28813559322
2018-06-12 16:52:15,496: __main__: INFO: - recall@1 for context of size 9: 61 / 177 = 0.344632768362
2018-06-12 16:52:15,496: __main__: INFO: - recall@1 for context of size 11: 25 / 75 = 0.333333333333
2018-06-12 16:52:15,497: __main__: INFO: - recall@1 for context of size 13: 9 / 28 = 0.321428571429
2018-06-12 16:52:15,497: __main__: INFO: - recall@1 for context of size 15: 5 / 17 = 0.294117647059
2018-06-12 16:52:15,497: __main__: INFO: - recall@1 for context of size 17: 5 / 12 = 0.416666666667
2018-06-12 16:52:15,497: __main__: INFO: - recall@1 for context of size 19: 2 / 7 = 0.285714285714
2018-06-12 16:52:15,497: __main__: INFO: - recall@1 for context of size 21: 2 / 4 = 0.5
2018-06-12 16:52:15,497: __main__: INFO: Predicted like human behavior with sampled selection:
2018-06-12 16:52:15,497: __main__: INFO: - recall@1 for context of size 1: 98 / 177 = 0.553672316384
2018-06-12 16:52:15,497: __main__: INFO: - recall@1 for context of size 3: 23 / 177 = 0.129943502825
2018-06-12 16:52:15,497: __main__: INFO: - recall@1 for context of size 5: 27 / 177 = 0.152542372881
2018-06-12 16:52:15,497: __main__: INFO: - recall@1 for context of size 7: 22 / 177 = 0.124293785311
2018-06-12 16:52:15,497: __main__: INFO: - recall@1 for context of size 9: 25 / 177 = 0.141242937853
2018-06-12 16:52:15,497: __main__: INFO: - recall@1 for context of size 11: 11 / 75 = 0.146666666667
2018-06-12 16:52:15,497: __main__: INFO: - recall@1 for context of size 13: 4 / 28 = 0.142857142857
2018-06-12 16:52:15,497: __main__: INFO: - recall@1 for context of size 15: 2 / 17 = 0.117647058824
2018-06-12 16:52:15,497: __main__: INFO: - recall@1 for context of size 17: 2 / 12 = 0.166666666667
2018-06-12 16:52:15,497: __main__: INFO: - recall@1 for context of size 19: 2 / 7 = 0.285714285714
2018-06-12 16:52:15,497: __main__: INFO: - recall@1 for context of size 21: 0 / 4 = 0.0
2018-06-12 16:52:15,616: __main__: INFO: done.
