connect to database & query approved conversations...
got 1765 conversations.
- 'very bad'  conversations: 89 / 1765 = 0.050425
- 'bad'       conversations: 363 / 1765 = 0.205666
- 'medium'    conversations: 720 / 1765 = 0.407932
- 'good'      conversations: 475 / 1765 = 0.269122
- 'very good' conversations: 118 / 1765 = 0.066856

- drqa    availability: 8527 / 70761 = 0.120504
- simple_qst availability: 27 / 70761 = 0.000382
- entity_sent   availability: 10217 / 70761 = 0.144387
- alice    availability: 8210 / 70761 = 0.116024
- topic   availability: 7979 / 70761 = 0.112760
- hred_red   availability: 8527 / 70761 = 0.120504
- hred_twt  availability: 8519 / 70761 = 0.120391
- fact availability: 8527 / 70761 = 0.120504
- nqg availability: 10228 / 70761 = 0.144543

- drqa   usage: 1865 / 8527 = 0.218717
- simple_qst    usage: 10 / 27 = 0.370370
- entity_sent  usage: 3148 / 10217 = 0.308114
- alice   usage: 1774 / 8210 = 0.216078
- topic  usage: 376 / 7979 = 0.047124
- hred_red  usage: 444 / 8527 = 0.052070
- hred_twt usage: 406 / 8519 = 0.047658
- fact    usage: 869 / 8527 = 0.101912
- nqg    usage: 1400 / 10228 = 0.136879
