
...

2018-04-28 14:19:13,962: __main__: INFO: Got 1663 unique articles from 1765 conversations. Total: 70761 examples (10292 +1s & 60469 -1s)
2018-04-28 14:19:13,963: __main__: INFO:  - 'very bad'  conversations: 89 / 1765 = 0.050425
2018-04-28 14:19:13,963: __main__: INFO:  - 'bad'       conversations: 363 / 1765 = 0.205666
2018-04-28 14:19:13,963: __main__: INFO:  - 'medium'    conversations: 720 / 1765 = 0.407932
2018-04-28 14:19:13,963: __main__: INFO:  - 'good'      conversations: 475 / 1765 = 0.269122
2018-04-28 14:19:13,963: __main__: INFO:  - 'very good' conversations: 118 / 1765 = 0.066856
2018-04-28 14:19:13,963: __main__: INFO:

...

2018-04-28 14:19:13,996: __main__: INFO: Split into train, valid, test sets
2018-04-28 14:19:14,002: __main__: INFO: [train] 1330 unique articles. Total: 56564 examples
2018-04-28 14:19:14,002: __main__: INFO: [valid] 165 unique articles. Total: 7114 examples
2018-04-28 14:19:14,002: __main__: INFO: [test] 168 unique articles. Total: 7083 examples
2018-04-28 14:19:14,002: __main__: INFO:
2018-04-28 14:19:14,002: __main__: INFO: Saving to json file...
2018-04-28 14:27:04,304: __main__: INFO: done.
2018-04-28 14:27:04,305: __main__: INFO:
2018-04-28 14:27:04,305: __main__: INFO: Building vocab on training set...
2018-04-28 14:27:14,319: __main__: INFO: Total vocabulary size: 24448
2018-04-28 14:27:14,319: __main__: INFO: Saving vocab to pkl file...
2018-04-28 14:27:14,430: __main__: INFO: done.

