loading word2vec embeddings...
2018-05-23 20:23:21,771: features: INFO: loading nltk english stop words...
2018-05-23 20:23:21,778: features: INFO: set([u'all', u'just', u'being', u'over', u'both', u'through', u'yourselves', u'its', u'before', u'o', u'hadn', u'herself', u'll', u'had', u'should', u'to', u'only', u'won', u'under', u'ours', u'has', u'do', u'them', u'his', u'very', u'they', u'not', u'during', u'now', u'him', u'nor', u'd', u'did', u'didn', u'this', u'she', u'each', u'further', u'where', u'few', u'because', u'doing', u'some', u'hasn', u'are', u'our', u'ourselves', u'out', u'what', u'for', u'while', u're', u'does', u'above', u'between', u'mustn', u't', u'be', u'we', u'who', u'were', u'here', u'shouldn', u'hers', u'by', u'on', u'about', u'couldn', u'of', u'against', u's', u'isn', u'or', u'own', u'into', u'yourself', u'down', u'mightn', u'wasn', u'your', u'from', u'her', u'their', u'aren', u'there', u'been', u'whom', u'too', u'wouldn', u'themselves', u'weren', u'was', u'until', u'more', u'himself', u'that', u'but', u'don', u'with', u'than', u'those', u'he', u'me', u'myself', u'ma', u'these', u'up', u'will', u'below', u'ain', u'can', u'theirs', u'my', u'and', u've', u'then', u'is', u'am', u'it', u'doesn', u'an', u'as', u'itself', u'at', u'have', u'in', u'any', u'if', u'again', u'no', u'when', u'same', u'how', u'other', u'which', u'you', u'shan', u'needn', u'haven', u'after', u'most', u'such', u'why', u'a', u'off', u'i', u'm', u'yours', u'so', u'y', u'the', u'having', u'once'])
2018-05-23 20:23:21,778: features: INFO: 
2018-05-23 20:23:21,827: extract_amt_for_q_ranker: INFO: using ALL features: ['ArticleLength', 'AverageWordEmbedding_Article', 'AverageWordEmbedding_Candidate', 'AverageWordEmbedding_LastK', 'AverageWordEmbedding_User', 'AverageWordEmbedding_kUser', 'BigramOverlap', 'CandidateLength', 'ConfusionWords', 'DialogActCandidate', 'DialogActLastUser', 'DialogLength', 'EntityOverlap', 'GenericTurns', 'IntensifierWords', 'LastUserLength', 'Negation', 'NonStopWordOverlap', 'ProfanityWords', 'SentimentScoreCandidate', 'SentimentScoreLastUser', 'Similarity_CandidateArticle', 'Similarity_CandidateArticle_noStop', 'Similarity_CandidateKUser', 'Similarity_CandidateKUser_noStop', 'Similarity_CandidateLastK', 'Similarity_CandidateLastK_noStop', 'Similarity_CandidateUser', 'TrigramOverlap', 'WhWords']
2018-05-23 20:23:21,989: __main__: INFO: 
2018-05-23 20:23:21,989: __main__: INFO: Namespace(gpu=0, model_prefix='models/q_estimator/DeepR/Deep_R-Network[exp08]os_1526327855.43', verbose=False)
2018-05-23 20:23:21,989: __main__: INFO: 
2018-05-23 20:23:21,989: __main__: INFO: old parameters: {u'sentence_hs': 300, u'verbose': False, u'article_bidir': False, u'utterance_hs': 300, u'update_frequence': 2000, u'article_hs': 300, u'epochs': 100000, u'patience': 20, u'mlp_dropout': 0.6, u'context_dropout': 0.6, u'utterance_dropout': 0.6, u'fix_embeddings': False, u'data_f': u'./data/q_ranker_amt_data++_1525301962.86.json', u'experiment': None, u'sentence_bidir': False, u'gpu': 0, u'article_dropout': 0.6, u'optimizer': u'adam', u'learning_rate': 0.001, u'batch_size': 128, u'sentence_dropout': 0.6, u'context_hs': 300, u'predict_rewards': True, u'rnn_gate': u'gru', u'mlp_activation': u'sigmoid', u'utterance_bidir': False, u'model_name': u'DeepR/Deep_R-Network[exp8]os', u'vocab_f': u'./data/q_ranker_amt_vocab_1525301962.86.pkl', u'mode': u'rnn+mlp', u'debug': False, u'context_bidir': False, u'gamma': 0.99}
2018-05-23 20:23:21,989: __main__: INFO: 
2018-05-23 20:23:21,989: __main__: INFO: Loading data from ./data/q_ranker_amt_data_1524939554.0.pkl...
2018-05-23 20:23:46,187: __main__: INFO: got 7083 test examples
2018-05-23 20:23:46,187: __main__: INFO: 
2018-05-23 20:23:46,187: __main__: INFO: Loading vocabulary...
2018-05-23 20:23:46,225: __main__: INFO: number of unique tokens: 24448
2018-05-23 20:23:46,225: __main__: INFO: 
2018-05-23 20:23:46,225: __main__: INFO: Get data loaders...
2018-05-23 20:23:46,265: __main__: INFO: done.
2018-05-23 20:23:46,265: __main__: INFO: 
2018-05-23 20:23:46,265: __main__: INFO: Building word embeddings...
2018-05-23 20:23:46,390: __main__: INFO: Got 16787/24448 = 0.686641 pretrained embeddings
2018-05-23 20:23:46,390: __main__: INFO: 
2018-05-23 20:23:46,390: __main__: INFO: Building Q-Network...
2018-05-23 20:23:49,151: __main__: INFO: DeepQNetwork(
(embed): Embedding(24448, 300)
(sentence_rnn): GRU(300, 300, batch_first=True, dropout=0.6)
(article_rnn): GRU(300, 300, batch_first=True, dropout=0.6)
(utterance_rnn): GRU(300, 300, batch_first=True, dropout=0.6)
(context_rnn): GRU(300, 300, batch_first=True, dropout=0.6)
(fc_1): Linear(in_features=600, out_features=300, bias=True)
(fc_2): Linear(in_features=300, out_features=150, bias=True)
(fc_3): Linear(in_features=150, out_features=150, bias=True)
(fc_value_1): Linear(in_features=150, out_features=75, bias=True)
(fc_value_2): Linear(in_features=75, out_features=2, bias=True)
(fc_adv_1): Linear(in_features=2029, out_features=1014, bias=True)
(fc_adv_2): Linear(in_features=1014, out_features=507, bias=True)
(fc_adv_3): Linear(in_features=507, out_features=2, bias=True)
(dropout): Dropout(p=0.6)
)
2018-05-23 20:23:49,152: __main__: INFO: 
2018-05-23 20:23:49,152: __main__: INFO: cuda available! Moving variables to cuda 0...
2018-05-23 20:23:49,592: __main__: INFO: 
2018-05-23 20:23:49,592: __main__: INFO: Plotting timings...
2018-05-23 20:23:49,704: __main__: INFO: best valid loss: 0.564877 achieved at epoch 0
2018-05-23 20:23:49,704: __main__: INFO: training loss at this epoch: 0.607909
2018-05-23 20:23:49,795: __main__: INFO: best valid acc: 0.810517 achieved at epoch 50
2018-05-23 20:23:49,795: __main__: INFO: training acc at this epoch: 0.996548
2018-05-23 20:23:49,795: __main__: INFO: done.
2018-05-23 20:23:49,796: __main__: INFO: 
2018-05-23 20:23:49,796: __main__: INFO: Testing model in batches...
2018-05-23 20:24:10,392: __main__: INFO: Test loss: 1.51285 - test accuracy:
{
"acc": 0.814329838039867, 
"F1": 0.24574096159733103, 

"TPR": 0.21297510232163028, 
"TNR": 0.9162325776265157, 
"PPV": 0.31083175564115967
"NPV": 0.8729419832127692, 

"FNR": 0.7870248976783698, 
"FPR": 0.08376742237348431, 
"FDR": 0.6891682443588404, 
"FOR": 0.1270580167872305, 
}
2018-05-23 20:24:10,392: __main__: INFO: Finished testing. Time elapsed: 20.5968 seconds
2018-05-23 20:24:10,392: __main__: INFO: 
2018-05-23 20:24:10,392: __main__: INFO: Testing model one example at a time & generating report.json
2018-05-23 20:25:02,871: __main__: INFO: Finished 1-by-1 testing. Time elapsed: 52.4789 seconds
2018-05-23 20:25:02,871: __main__: INFO: 
2018-05-23 20:25:02,871: __main__: INFO: Saving report...
2018-05-23 20:25:03,048: __main__: INFO: done.
2018-05-23 20:25:03,048: __main__: INFO: 
2018-05-23 20:25:03,049: __main__: INFO: Measuring recall at predicting best candidate...
2018-05-23 20:25:03,072: __main__: INFO: Predicted like human behavior:
2018-05-23 20:25:03,072: __main__: INFO: - recall@1: 273 / 1028 = 0.265564
2018-05-23 20:25:03,072: __main__: INFO: - recall@2: 521 / 1028 = 0.506809
2018-05-23 20:25:03,072: __main__: INFO: - recall@3: 639 / 1028 = 0.621595
2018-05-23 20:25:03,072: __main__: INFO: - recall@4: 738 / 1028 = 0.717899
2018-05-23 20:25:03,072: __main__: INFO: - recall@5: 818 / 1028 = 0.79572
2018-05-23 20:25:03,072: __main__: INFO: - recall@6: 882 / 1028 = 0.857977
2018-05-23 20:25:03,072: __main__: INFO: - recall@7: 974 / 1028 = 0.947471
2018-05-23 20:25:03,072: __main__: INFO: - recall@8: 1028 / 1028 = 1
2018-05-23 20:25:03,072: __main__: INFO: - recall@9: 1028 / 1028 = 1
2018-05-23 20:25:03,150: __main__: INFO: done.
