loading word2vec embeddings...
2018-06-12 17:13:02,376: features: INFO: loading nltk english stop words...
2018-06-12 17:13:02,380: features: INFO: set([u'all', u'just', u'being', u'over', u'both', u'through', u'yourselves', u'its', u'before', u'o', u'hadn', u'herself', u'll', u'had', u'should', u'to', u'only', u'won', u'under', u'ours', u'has', u'do', u'them', u'his', u'very', u'they', u'not', u'during', u'now', u'him', u'nor', u'd', u'did', u'didn', u'this', u'she', u'each', u'further', u'where', u'few', u'because', u'doing', u'some', u'hasn', u'are', u'our', u'ourselves', u'out', u'what', u'for', u'while', u're', u'does', u'above', u'between', u'mustn', u't', u'be', u'we', u'who', u'were', u'here', u'shouldn', u'hers', u'by', u'on', u'about', u'couldn', u'of', u'against', u's', u'isn', u'or', u'own', u'into', u'yourself', u'down', u'mightn', u'wasn', u'your', u'from', u'her', u'their', u'aren', u'there', u'been', u'whom', u'too', u'wouldn', u'themselves', u'weren', u'was', u'until', u'more', u'himself', u'that', u'but', u'don', u'with', u'than', u'those', u'he', u'me', u'myself', u'ma', u'these', u'up', u'will', u'below', u'ain', u'can', u'theirs', u'my', u'and', u've', u'then', u'is', u'am', u'it', u'doesn', u'an', u'as', u'itself', u'at', u'have', u'in', u'any', u'if', u'again', u'no', u'when', u'same', u'how', u'other', u'which', u'you', u'shan', u'needn', u'haven', u'after', u'most', u'such', u'why', u'a', u'off', u'i', u'm', u'yours', u'so', u'y', u'the', u'having', u'once'])
2018-06-12 17:13:02,380: features: INFO: 
2018-06-12 17:13:02,670: extract_amt_for_q_ranker: INFO: using ALL features: ['ArticleLength', 'AverageWordEmbedding_Article', 'AverageWordEmbedding_Candidate', 'AverageWordEmbedding_LastK', 'AverageWordEmbedding_User', 'AverageWordEmbedding_kUser', 'BigramOverlap', 'CandidateLength', 'ConfusionWords', 'DialogActCandidate', 'DialogActLastUser', 'DialogLength', 'EntityOverlap', 'GenericTurns', 'IntensifierWords', 'LastUserLength', 'Negation', 'NonStopWordOverlap', 'ProfanityWords', 'SentimentScoreCandidate', 'SentimentScoreLastUser', 'Similarity_CandidateArticle', 'Similarity_CandidateArticle_noStop', 'Similarity_CandidateKUser', 'Similarity_CandidateKUser_noStop', 'Similarity_CandidateLastK', 'Similarity_CandidateLastK_noStop', 'Similarity_CandidateUser', 'TrigramOverlap', 'WhWords']
2018-06-12 17:13:16,843: __main__: INFO: 
2018-06-12 17:13:16,843: __main__: INFO: Namespace(gpu=0, model_prefix='models/q_estimator/DeepR/Deep_R-Network[exp15]os_1527001315.33', verbose=False)
2018-06-12 17:13:16,843: __main__: INFO: 
2018-06-12 17:13:16,847: __main__: INFO: old parameters: {u'sentence_hs': 300, u'verbose': False, u'article_bidir': False, u'utterance_hs': 300, u'update_frequence': 2000, u'article_hs': 300, u'epochs': 100000, u'patience': 20, u'mlp_dropout': 0.2, u'context_dropout': 0.2, u'utterance_dropout': 0.2, u'fix_embeddings': False, u'data_f': u'./data/q_ranker_amt_data++_1525301962.86.json', u'experiment': None, u'sentence_bidir': False, u'gpu': 0, u'article_dropout': 0.2, u'optimizer': u'adam', u'learning_rate': 0.0001, u'use_custom_encs': True, u'batch_size': 128, u'sentence_dropout': 0.2, u'context_hs': 300, u'predict_rewards': True, u'rnn_gate': u'gru', u'mlp_activation': u'prelu', u'utterance_bidir': False, u'model_name': u'DeepR/Deep_R-Network[exp15]os', u'vocab_f': u'./data/q_ranker_amt_vocab_1525301962.86.pkl', u'mode': u'rnn+mlp', u'debug': False, u'context_bidir': False, u'gamma': 0.99}
2018-06-12 17:13:16,847: __main__: INFO: 
2018-06-12 17:13:16,847: __main__: INFO: Loading data from ./data/q_ranker_amt_data_1527760664.38.pkl...
2018-06-12 17:15:42,794: __main__: INFO: got 7083 test examples
2018-06-12 17:15:42,794: __main__: INFO: 
2018-06-12 17:15:42,794: __main__: INFO: Loading vocabulary...
2018-06-12 17:15:42,830: __main__: INFO: number of unique tokens: 24448
2018-06-12 17:15:42,830: __main__: INFO: 
2018-06-12 17:15:42,830: __main__: INFO: Get data loaders...
2018-06-12 17:15:42,854: __main__: INFO: done.
2018-06-12 17:15:42,854: __main__: INFO: 
2018-06-12 17:15:42,854: __main__: INFO: Building word embeddings...
2018-06-12 17:15:42,956: __main__: INFO: Got 16787/24448 = 0.686641 pretrained embeddings
2018-06-12 17:15:42,956: __main__: INFO: 
2018-06-12 17:15:42,956: __main__: INFO: Building Q-Network...
2018-06-12 17:15:46,007: __main__: INFO: DeepQNetwork(
(embed): Embedding(24448, 300)
(sentence_rnn): GRU(300, 300, batch_first=True, dropout=0.2)
(article_rnn): GRU(300, 300, batch_first=True, dropout=0.2)
(utterance_rnn): GRU(300, 300, batch_first=True, dropout=0.2)
(context_rnn): GRU(300, 300, batch_first=True, dropout=0.2)
(fc_1): Linear(in_features=600, out_features=300, bias=True)
(fc_2): Linear(in_features=300, out_features=150, bias=True)
(fc_3): Linear(in_features=150, out_features=150, bias=True)
(fc_value_1): Linear(in_features=150, out_features=75, bias=True)
(fc_value_2): Linear(in_features=75, out_features=2, bias=True)
(fc_adv_1): Linear(in_features=2029, out_features=1014, bias=True)
(fc_adv_2): Linear(in_features=1014, out_features=507, bias=True)
(fc_adv_3): Linear(in_features=507, out_features=2, bias=True)
(dropout): Dropout(p=0.2)
)
2018-06-12 17:15:46,007: __main__: INFO: 
2018-06-12 17:15:46,007: __main__: INFO: cuda available! Moving variables to cuda 0...
2018-06-12 17:16:03,178: __main__: INFO: 
2018-06-12 17:16:03,178: __main__: INFO: Plotting timings...
2018-06-12 17:16:03,516: __main__: INFO: best valid loss: 0.534684 achieved at epoch 3
2018-06-12 17:16:03,516: __main__: INFO: training loss at this epoch: 0.455313
2018-06-12 17:16:03,612: __main__: INFO: best valid acc: 0.805939 achieved at epoch 58
2018-06-12 17:16:03,613: __main__: INFO: training acc at this epoch: 0.995918
2018-06-12 17:16:03,613: __main__: INFO: done.
2018-06-12 17:16:03,613: __main__: INFO: 
2018-06-12 17:16:03,613: __main__: INFO: Testing model in batches...
2018-06-12 17:16:23,764: __main__: INFO: Test loss: 3.68812 - test accuracy:
{
"acc": 0.8087527252906977, 
"F1": 0.30636789564977696, 
"FDR": 0.6690941206358046, 
"FOR": 0.11809678529015902, 
"TPR": 0.2926356946287287, 
"FPR": 0.10362170597262337, 
"TNR": 0.8963782940273762, 
"NPV": 0.8819032147098408, 
"FNR": 0.7073643053712715, 
"PPV": 0.3309058793641955
}
2018-06-12 17:16:23,765: __main__: INFO: Finished testing. Time elapsed: 20.1519 seconds
2018-06-12 17:16:23,765: __main__: INFO: 
2018-06-12 17:16:23,765: __main__: INFO: Testing model one example at a time & generating report.json
2018-06-12 17:17:17,336: __main__: INFO: Now simulating the old chatbot decision policy...
2018-06-12 17:17:21,053: __main__: INFO: Finished 1-by-1 testing. Time elapsed: 57.2885 seconds
2018-06-12 17:17:21,053: __main__: INFO: 
2018-06-12 17:17:21,053: __main__: INFO: Saving report...
2018-06-12 17:17:21,389: __main__: INFO: done.
2018-06-12 17:17:21,389: __main__: INFO: 
2018-06-12 17:17:21,389: __main__: INFO: Measuring recall at predicting best candidate...
2018-06-12 17:17:21,669: __main__: INFO: Predicted like human behavior with rulebased selection:
2018-06-12 17:17:21,669: __main__: INFO: - recall@1: 310 / 1028 = 0.301556
2018-06-12 17:17:21,669: __main__: INFO: - recall@2: 515 / 1028 = 0.500973
2018-06-12 17:17:21,669: __main__: INFO: - recall@3: 662 / 1028 = 0.643969
2018-06-12 17:17:21,669: __main__: INFO: - recall@4: 731 / 1028 = 0.711089
2018-06-12 17:17:21,669: __main__: INFO: - recall@5: 788 / 1028 = 0.766537
2018-06-12 17:17:21,669: __main__: INFO: - recall@6: 846 / 1028 = 0.822957
2018-06-12 17:17:21,669: __main__: INFO: - recall@7: 879 / 1028 = 0.855058
2018-06-12 17:17:21,669: __main__: INFO: - recall@8: 1028 / 1028 = 1
2018-06-12 17:17:21,669: __main__: INFO: - recall@9: 1028 / 1028 = 1
2018-06-12 17:17:21,669: __main__: INFO: Predicted like human behavior with argmax selection:
2018-06-12 17:17:21,669: __main__: INFO: - recall@1: 320 / 1028 = 0.311284
2018-06-12 17:17:21,669: __main__: INFO: - recall@2: 547 / 1028 = 0.532101
2018-06-12 17:17:21,669: __main__: INFO: - recall@3: 651 / 1028 = 0.633268
2018-06-12 17:17:21,669: __main__: INFO: - recall@4: 754 / 1028 = 0.733463
2018-06-12 17:17:21,669: __main__: INFO: - recall@5: 843 / 1028 = 0.820039
2018-06-12 17:17:21,669: __main__: INFO: - recall@6: 907 / 1028 = 0.882296
2018-06-12 17:17:21,669: __main__: INFO: - recall@7: 972 / 1028 = 0.945525
2018-06-12 17:17:21,669: __main__: INFO: - recall@8: 1028 / 1028 = 1
2018-06-12 17:17:21,669: __main__: INFO: - recall@9: 1028 / 1028 = 1
2018-06-12 17:17:21,669: __main__: INFO: Predicted like human behavior with sampled selection:
2018-06-12 17:17:21,669: __main__: INFO: - recall@1: 196 / 1028 = 0.190661
2018-06-12 17:17:21,669: __main__: INFO: - recall@2: 426 / 1028 = 0.414397
2018-06-12 17:17:21,669: __main__: INFO: - recall@3: 539 / 1028 = 0.524319
2018-06-12 17:17:21,670: __main__: INFO: - recall@4: 641 / 1028 = 0.623541
2018-06-12 17:17:21,670: __main__: INFO: - recall@5: 731 / 1028 = 0.711089
2018-06-12 17:17:21,670: __main__: INFO: - recall@6: 844 / 1028 = 0.821012
2018-06-12 17:17:21,670: __main__: INFO: - recall@7: 940 / 1028 = 0.914397
2018-06-12 17:17:21,670: __main__: INFO: - recall@8: 1028 / 1028 = 1
2018-06-12 17:17:21,670: __main__: INFO: - recall@9: 1028 / 1028 = 1
2018-06-12 17:17:21,777: __main__: INFO: 
2018-06-12 17:17:21,777: __main__: INFO: Measuring recall@1 for each context length...
2018-06-12 17:17:21,889: __main__: INFO: Predicted like human behavior with rulebased selection:
2018-06-12 17:17:21,889: __main__: INFO: - recall@1 for context of size 1: 88 / 177 = 0.497175141243
2018-06-12 17:17:21,889: __main__: INFO: - recall@1 for context of size 3: 40 / 177 = 0.225988700565
2018-06-12 17:17:21,889: __main__: INFO: - recall@1 for context of size 5: 41 / 177 = 0.231638418079
2018-06-12 17:17:21,889: __main__: INFO: - recall@1 for context of size 7: 47 / 177 = 0.265536723164
2018-06-12 17:17:21,889: __main__: INFO: - recall@1 for context of size 9: 46 / 177 = 0.25988700565
2018-06-12 17:17:21,889: __main__: INFO: - recall@1 for context of size 11: 23 / 75 = 0.306666666667
2018-06-12 17:17:21,889: __main__: INFO: - recall@1 for context of size 13: 15 / 28 = 0.535714285714
2018-06-12 17:17:21,889: __main__: INFO: - recall@1 for context of size 15: 5 / 17 = 0.294117647059
2018-06-12 17:17:21,889: __main__: INFO: - recall@1 for context of size 17: 1 / 12 = 0.0833333333333
2018-06-12 17:17:21,889: __main__: INFO: - recall@1 for context of size 19: 3 / 7 = 0.428571428571
2018-06-12 17:17:21,889: __main__: INFO: - recall@1 for context of size 21: 1 / 4 = 0.25
2018-06-12 17:17:21,889: __main__: INFO: Predicted like human behavior with argmax selection:
2018-06-12 17:17:21,889: __main__: INFO: - recall@1 for context of size 1: 97 / 177 = 0.54802259887
2018-06-12 17:17:21,889: __main__: INFO: - recall@1 for context of size 3: 47 / 177 = 0.265536723164
2018-06-12 17:17:21,889: __main__: INFO: - recall@1 for context of size 5: 45 / 177 = 0.254237288136
2018-06-12 17:17:21,889: __main__: INFO: - recall@1 for context of size 7: 47 / 177 = 0.265536723164
2018-06-12 17:17:21,889: __main__: INFO: - recall@1 for context of size 9: 40 / 177 = 0.225988700565
2018-06-12 17:17:21,889: __main__: INFO: - recall@1 for context of size 11: 23 / 75 = 0.306666666667
2018-06-12 17:17:21,889: __main__: INFO: - recall@1 for context of size 13: 12 / 28 = 0.428571428571
2018-06-12 17:17:21,890: __main__: INFO: - recall@1 for context of size 15: 5 / 17 = 0.294117647059
2018-06-12 17:17:21,890: __main__: INFO: - recall@1 for context of size 17: 1 / 12 = 0.0833333333333
2018-06-12 17:17:21,890: __main__: INFO: - recall@1 for context of size 19: 2 / 7 = 0.285714285714
2018-06-12 17:17:21,890: __main__: INFO: - recall@1 for context of size 21: 1 / 4 = 0.25
2018-06-12 17:17:21,890: __main__: INFO: Predicted like human behavior with sampled selection:
2018-06-12 17:17:21,890: __main__: INFO: - recall@1 for context of size 1: 83 / 177 = 0.468926553672
2018-06-12 17:17:21,890: __main__: INFO: - recall@1 for context of size 3: 24 / 177 = 0.135593220339
2018-06-12 17:17:21,890: __main__: INFO: - recall@1 for context of size 5: 15 / 177 = 0.0847457627119
2018-06-12 17:17:21,890: __main__: INFO: - recall@1 for context of size 7: 26 / 177 = 0.146892655367
2018-06-12 17:17:21,890: __main__: INFO: - recall@1 for context of size 9: 24 / 177 = 0.135593220339
2018-06-12 17:17:21,890: __main__: INFO: - recall@1 for context of size 11: 10 / 75 = 0.133333333333
2018-06-12 17:17:21,890: __main__: INFO: - recall@1 for context of size 13: 7 / 28 = 0.25
2018-06-12 17:17:21,890: __main__: INFO: - recall@1 for context of size 15: 1 / 17 = 0.0588235294118
2018-06-12 17:17:21,890: __main__: INFO: - recall@1 for context of size 17: 0 / 12 = 0.0
2018-06-12 17:17:21,890: __main__: INFO: - recall@1 for context of size 19: 1 / 7 = 0.142857142857
2018-06-12 17:17:21,890: __main__: INFO: - recall@1 for context of size 21: 0 / 4 = 0.0
2018-06-12 17:17:22,008: __main__: INFO: done.
