loading word2vec embeddings...
2018-05-23 20:00:57,979: features: INFO: loading nltk english stop words...
2018-05-23 20:00:57,986: features: INFO: set([u'all', u'just', u'being', u'over', u'both', u'through', u'yourselves', u'its', u'before', u'o', u'hadn', u'herself', u'll', u'had', u'should', u'to', u'only', u'won', u'under', u'ours', u'has', u'do', u'them', u'his', u'very', u'they', u'not', u'during', u'now', u'him', u'nor', u'd', u'did', u'didn', u'this', u'she', u'each', u'further', u'where', u'few', u'because', u'doing', u'some', u'hasn', u'are', u'our', u'ourselves', u'out', u'what', u'for', u'while', u're', u'does', u'above', u'between', u'mustn', u't', u'be', u'we', u'who', u'were', u'here', u'shouldn', u'hers', u'by', u'on', u'about', u'couldn', u'of', u'against', u's', u'isn', u'or', u'own', u'into', u'yourself', u'down', u'mightn', u'wasn', u'your', u'from', u'her', u'their', u'aren', u'there', u'been', u'whom', u'too', u'wouldn', u'themselves', u'weren', u'was', u'until', u'more', u'himself', u'that', u'but', u'don', u'with', u'than', u'those', u'he', u'me', u'myself', u'ma', u'these', u'up', u'will', u'below', u'ain', u'can', u'theirs', u'my', u'and', u've', u'then', u'is', u'am', u'it', u'doesn', u'an', u'as', u'itself', u'at', u'have', u'in', u'any', u'if', u'again', u'no', u'when', u'same', u'how', u'other', u'which', u'you', u'shan', u'needn', u'haven', u'after', u'most', u'such', u'why', u'a', u'off', u'i', u'm', u'yours', u'so', u'y', u'the', u'having', u'once'])
2018-05-23 20:00:57,986: features: INFO: 
2018-05-23 20:00:58,034: extract_amt_for_q_ranker: INFO: using ALL features: ['ArticleLength', 'AverageWordEmbedding_Article', 'AverageWordEmbedding_Candidate', 'AverageWordEmbedding_LastK', 'AverageWordEmbedding_User', 'AverageWordEmbedding_kUser', 'BigramOverlap', 'CandidateLength', 'ConfusionWords', 'DialogActCandidate', 'DialogActLastUser', 'DialogLength', 'EntityOverlap', 'GenericTurns', 'IntensifierWords', 'LastUserLength', 'Negation', 'NonStopWordOverlap', 'ProfanityWords', 'SentimentScoreCandidate', 'SentimentScoreLastUser', 'Similarity_CandidateArticle', 'Similarity_CandidateArticle_noStop', 'Similarity_CandidateKUser', 'Similarity_CandidateKUser_noStop', 'Similarity_CandidateLastK', 'Similarity_CandidateLastK_noStop', 'Similarity_CandidateUser', 'TrigramOverlap', 'WhWords']
2018-05-23 20:00:58,191: __main__: INFO: 
2018-05-23 20:00:58,191: __main__: INFO: Namespace(gpu=0, model_prefix='models/q_estimator/DeepR/Deep_R-Network[exp01]os_1525455285.98', verbose=False)
2018-05-23 20:00:58,191: __main__: INFO: 
2018-05-23 20:00:58,192: __main__: INFO: old parameters: {u'sentence_hs': 300, u'verbose': False, u'article_bidir': False, u'utterance_hs': 300, u'update_frequence': 2000, u'article_hs': 300, u'epochs': 100000, u'patience': 20, u'mlp_dropout': 0.2, u'context_dropout': 0.2, u'utterance_dropout': 0.2, u'fix_embeddings': False, u'data_f': u'./data/q_ranker_amt_data++_1525301962.86.json', u'experiment': None, u'sentence_bidir': False, u'gpu': 0, u'article_dropout': 0.2, u'optimizer': u'adam', u'learning_rate': 0.01, u'batch_size': 128, u'sentence_dropout': 0.2, u'context_hs': 300, u'predict_rewards': True, u'rnn_gate': u'gru', u'mlp_activation': u'sigmoid', u'utterance_bidir': False, u'model_name': u'DeepR/Deep_R-Network[exp1]os', u'vocab_f': u'./data/q_ranker_amt_vocab_1525301962.86.pkl', u'mode': u'rnn+mlp', u'debug': False, u'context_bidir': False, u'gamma': 0.99}
2018-05-23 20:00:58,192: __main__: INFO: 
2018-05-23 20:00:58,192: __main__: INFO: Loading data from ./data/q_ranker_amt_data_1524939554.0.pkl...
2018-05-23 20:01:22,376: __main__: INFO: got 7083 test examples
2018-05-23 20:01:22,376: __main__: INFO: 
2018-05-23 20:01:22,376: __main__: INFO: Loading vocabulary...
2018-05-23 20:01:22,411: __main__: INFO: number of unique tokens: 24448
2018-05-23 20:01:22,411: __main__: INFO: 
2018-05-23 20:01:22,411: __main__: INFO: Get data loaders...
2018-05-23 20:01:22,444: __main__: INFO: done.
2018-05-23 20:01:22,445: __main__: INFO: 
2018-05-23 20:01:22,445: __main__: INFO: Building word embeddings...
2018-05-23 20:01:22,545: __main__: INFO: Got 16787/24448 = 0.686641 pretrained embeddings
2018-05-23 20:01:22,545: __main__: INFO: 
2018-05-23 20:01:22,545: __main__: INFO: Building Q-Network...
2018-05-23 20:01:25,273: __main__: INFO: DeepQNetwork(
(embed): Embedding(24448, 300)
(sentence_rnn): GRU(300, 300, batch_first=True, dropout=0.2)
(article_rnn): GRU(300, 300, batch_first=True, dropout=0.2)
(utterance_rnn): GRU(300, 300, batch_first=True, dropout=0.2)
(context_rnn): GRU(300, 300, batch_first=True, dropout=0.2)
(fc_1): Linear(in_features=600, out_features=300, bias=True)
(fc_2): Linear(in_features=300, out_features=150, bias=True)
(fc_3): Linear(in_features=150, out_features=150, bias=True)
(fc_value_1): Linear(in_features=150, out_features=75, bias=True)
(fc_value_2): Linear(in_features=75, out_features=2, bias=True)
(fc_adv_1): Linear(in_features=2029, out_features=1014, bias=True)
(fc_adv_2): Linear(in_features=1014, out_features=507, bias=True)
(fc_adv_3): Linear(in_features=507, out_features=2, bias=True)
(dropout): Dropout(p=0.2)
)
2018-05-23 20:01:25,273: __main__: INFO: 
2018-05-23 20:01:25,273: __main__: INFO: cuda available! Moving variables to cuda 0...
2018-05-23 20:01:25,711: __main__: INFO: 
2018-05-23 20:01:25,711: __main__: INFO: Plotting timings...
2018-05-23 20:01:25,817: __main__: INFO: best valid loss: 0.413483 achieved at epoch 20
2018-05-23 20:01:25,817: __main__: INFO: training loss at this epoch: 0.706144
2018-05-23 20:01:25,906: __main__: INFO: best valid acc: 0.855046 achieved at epoch 2
2018-05-23 20:01:25,906: __main__: INFO: training acc at this epoch: 0.526223
2018-05-23 20:01:25,906: __main__: INFO: done.
2018-05-23 20:01:25,906: __main__: INFO: 
2018-05-23 20:01:25,906: __main__: INFO: Testing model in batches...
2018-05-23 20:01:46,494: __main__: INFO: Test loss: 0.637273 - test accuracy:
{
"acc": 0.8549301806478405, 
"F1": 0.25429155572896206, 

"TPR": 0.1715333940593781, 
"TNR": 0.9707628484036791, 
"PPV": 0.5015306122448979
"NPV": 0.8735727907361894, 

"FNR": 0.8284666059406219, 
"FPR": 0.029237151596321627, 
"FDR": 0.498469387755102, 
"FOR": 0.12642720926381076, 
}
2018-05-23 20:01:46,494: __main__: INFO: Finished testing. Time elapsed: 20.5882 seconds
2018-05-23 20:01:46,494: __main__: INFO: 
2018-05-23 20:01:46,494: __main__: INFO: Testing model one example at a time & generating report.json
2018-05-23 20:02:39,354: __main__: INFO: Finished 1-by-1 testing. Time elapsed: 52.8598 seconds
2018-05-23 20:02:39,354: __main__: INFO: 
2018-05-23 20:02:39,354: __main__: INFO: Saving report...
2018-05-23 20:02:39,529: __main__: INFO: done.
2018-05-23 20:02:39,529: __main__: INFO: 
2018-05-23 20:02:39,529: __main__: INFO: Measuring recall at predicting best candidate...
2018-05-23 20:02:39,554: __main__: INFO: Predicted like human behavior:
2018-05-23 20:02:39,554: __main__: INFO: - recall@1: 239 / 1028 = 0.23249
2018-05-23 20:02:39,554: __main__: INFO: - recall@2: 504 / 1028 = 0.490272
2018-05-23 20:02:39,554: __main__: INFO: - recall@3: 592 / 1028 = 0.575875
2018-05-23 20:02:39,554: __main__: INFO: - recall@4: 696 / 1028 = 0.677043
2018-05-23 20:02:39,554: __main__: INFO: - recall@5: 780 / 1028 = 0.758755
2018-05-23 20:02:39,554: __main__: INFO: - recall@6: 854 / 1028 = 0.830739
2018-05-23 20:02:39,554: __main__: INFO: - recall@7: 933 / 1028 = 0.907588
2018-05-23 20:02:39,554: __main__: INFO: - recall@8: 1028 / 1028 = 1
2018-05-23 20:02:39,554: __main__: INFO: - recall@9: 1028 / 1028 = 1
2018-05-23 20:02:39,632: __main__: INFO: done.
