loading word2vec embeddings...
2018-06-09 21:08:52,037: features: INFO: loading nltk english stop words...
2018-06-09 21:08:52,040: features: INFO: set([u'all', u'just', u'being', u'over', u'both', u'through', u'yourselves', u'its', u'before', u'o', u'hadn', u'herself', u'll', u'had', u'should', u'to', u'only', u'won', u'under', u'ours', u'has', u'do', u'them', u'his', u'very', u'they', u'not', u'during', u'now', u'him', u'nor', u'd', u'did', u'didn', u'this', u'she', u'each', u'further', u'where', u'few', u'because', u'doing', u'some', u'hasn', u'are', u'our', u'ourselves', u'out', u'what', u'for', u'while', u're', u'does', u'above', u'between', u'mustn', u't', u'be', u'we', u'who', u'were', u'here', u'shouldn', u'hers', u'by', u'on', u'about', u'couldn', u'of', u'against', u's', u'isn', u'or', u'own', u'into', u'yourself', u'down', u'mightn', u'wasn', u'your', u'from', u'her', u'their', u'aren', u'there', u'been', u'whom', u'too', u'wouldn', u'themselves', u'weren', u'was', u'until', u'more', u'himself', u'that', u'but', u'don', u'with', u'than', u'those', u'he', u'me', u'myself', u'ma', u'these', u'up', u'will', u'below', u'ain', u'can', u'theirs', u'my', u'and', u've', u'then', u'is', u'am', u'it', u'doesn', u'an', u'as', u'itself', u'at', u'have', u'in', u'any', u'if', u'again', u'no', u'when', u'same', u'how', u'other', u'which', u'you', u'shan', u'needn', u'haven', u'after', u'most', u'such', u'why', u'a', u'off', u'i', u'm', u'yours', u'so', u'y', u'the', u'having', u'once'])
2018-06-09 21:08:52,040: features: INFO: 
2018-06-09 21:08:52,399: extract_amt_for_q_ranker: INFO: using ALL features: ['ArticleLength', 'AverageWordEmbedding_Article', 'AverageWordEmbedding_Candidate', 'AverageWordEmbedding_LastK', 'AverageWordEmbedding_User', 'AverageWordEmbedding_kUser', 'BigramOverlap', 'CandidateLength', 'ConfusionWords', 'DialogActCandidate', 'DialogActLastUser', 'DialogLength', 'EntityOverlap', 'GenericTurns', 'IntensifierWords', 'LastUserLength', 'Negation', 'NonStopWordOverlap', 'ProfanityWords', 'SentimentScoreCandidate', 'SentimentScoreLastUser', 'Similarity_CandidateArticle', 'Similarity_CandidateArticle_noStop', 'Similarity_CandidateKUser', 'Similarity_CandidateKUser_noStop', 'Similarity_CandidateLastK', 'Similarity_CandidateLastK_noStop', 'Similarity_CandidateUser', 'TrigramOverlap', 'WhWords']
2018-06-09 21:09:05,072: __main__: INFO: 
2018-06-09 21:09:05,072: __main__: INFO: Namespace(gpu=0, model_prefix='models/q_estimator/DeepR/Deep_R-Network[exp14]os+noe+F1_1527593215.6', verbose=False)
2018-06-09 21:09:05,072: __main__: INFO: 
2018-06-09 21:09:05,079: __main__: INFO: old parameters: {u'sentence_hs': 300, u'verbose': False, u'article_bidir': False, u'utterance_hs': 300, u'update_frequence': 2000, u'article_hs': 300, u'epochs': 100000, u'patience': 20, u'mlp_dropout': 0.2, u'context_dropout': 0.2, u'utterance_dropout': 0.2, u'fix_embeddings': False, u'data_f': u'./data/q_ranker_amt_data++_1525301962.86.json', u'experiment': None, u'sentence_bidir': False, u'gpu': 1, u'article_dropout': 0.2, u'optimizer': u'adam', u'learning_rate': 0.001, u'use_custom_encs': False, u'batch_size': 128, u'sentence_dropout': 0.2, u'context_hs': 300, u'predict_rewards': True, u'rnn_gate': u'gru', u'mlp_activation': u'prelu', u'utterance_bidir': False, u'model_name': u'DeepR/Deep_R-Network[exp14]os+noe+F1', u'vocab_f': u'./data/q_ranker_amt_vocab_1525301962.86.pkl', u'mode': u'rnn+mlp', u'debug': False, u'context_bidir': False, u'gamma': 0.99}
2018-06-09 21:09:05,079: __main__: INFO: 
2018-06-09 21:09:05,079: __main__: INFO: Loading data from ./data/q_ranker_amt_data_1527760664.38.pkl...
2018-06-09 21:14:29,307: __main__: INFO: got 7083 test examples
2018-06-09 21:14:29,307: __main__: INFO: 
2018-06-09 21:14:29,307: __main__: INFO: Loading vocabulary...
2018-06-09 21:14:29,425: __main__: INFO: number of unique tokens: 24448
2018-06-09 21:14:29,425: __main__: INFO: 
2018-06-09 21:14:29,425: __main__: INFO: Get data loaders...
2018-06-09 21:14:29,448: __main__: INFO: done.
2018-06-09 21:14:29,448: __main__: INFO: 
2018-06-09 21:14:29,448: __main__: INFO: Building word embeddings...
2018-06-09 21:14:29,589: __main__: INFO: Got 16787/24448 = 0.686641 pretrained embeddings
2018-06-09 21:14:29,589: __main__: INFO: 
2018-06-09 21:14:29,590: __main__: INFO: Building Q-Network...
2018-06-09 21:14:53,521: __main__: INFO: DeepQNetwork(
(embed): Embedding(24448, 300)
(sentence_rnn): GRU(300, 300, batch_first=True, dropout=0.2)
(article_rnn): GRU(300, 300, batch_first=True, dropout=0.2)
(utterance_rnn): GRU(300, 300, batch_first=True, dropout=0.2)
(context_rnn): GRU(300, 300, batch_first=True, dropout=0.2)
(fc_1): Linear(in_features=600, out_features=300, bias=True)
(fc_2): Linear(in_features=300, out_features=150, bias=True)
(fc_3): Linear(in_features=150, out_features=150, bias=True)
(fc_value_1): Linear(in_features=150, out_features=75, bias=True)
(fc_value_2): Linear(in_features=75, out_features=2, bias=True)
(fc_adv_1): Linear(in_features=450, out_features=225, bias=True)
(fc_adv_2): Linear(in_features=225, out_features=112, bias=True)
(fc_adv_3): Linear(in_features=112, out_features=2, bias=True)
(dropout): Dropout(p=0.2)
)
2018-06-09 21:14:53,521: __main__: INFO: 
2018-06-09 21:14:53,521: __main__: INFO: cuda available! Moving variables to cuda 0...
2018-06-09 21:15:09,992: __main__: INFO: 
2018-06-09 21:15:09,992: __main__: INFO: Plotting timings...
2018-06-09 21:15:10,665: __main__: INFO: best valid loss: 0.567678 achieved at epoch 0
2018-06-09 21:15:10,665: __main__: INFO: training loss at this epoch: 0.563737
2018-06-09 21:15:10,758: __main__: INFO: best valid acc: 0.804721 achieved at epoch 15
2018-06-09 21:15:10,758: __main__: INFO: training acc at this epoch: 0.993686
2018-06-09 21:15:10,853: __main__: INFO: best valid f1: 0.31323 achieved at epoch 0
2018-06-09 21:15:10,853: __main__: INFO: training f1 at this epoch: 0.70023
2018-06-09 21:15:10,853: __main__: INFO: done.
2018-06-09 21:15:10,853: __main__: INFO: 
2018-06-09 21:15:10,853: __main__: INFO: Testing model in batches...
2018-06-09 21:15:44,955: __main__: INFO: Test loss: 0.542365 - test accuracy:
{
"acc": 0.7597818469684385, 
"F1": 0.33329529956128484, 
"FDR": 0.7166102478355992, 
"FOR": 0.10851076165792109, 
"TPR": 0.412767212148017, 
"FPR": 0.18128842085264105, 
"TNR": 0.8187115791473593, 
"NPV": 0.891489238342079, 
"FNR": 0.587232787851983, 
"PPV": 0.28338975216440093
}
2018-06-09 21:15:44,955: __main__: INFO: Finished testing. Time elapsed: 34.102 seconds
2018-06-09 21:15:44,955: __main__: INFO: 
2018-06-09 21:15:44,955: __main__: INFO: Testing model one example at a time & generating report.json
2018-06-09 21:19:27,768: __main__: INFO: Now simulating the old chatbot decision policy...
2018-06-09 21:19:31,801: __main__: INFO: Finished 1-by-1 testing. Time elapsed: 226.846 seconds
2018-06-09 21:19:31,801: __main__: INFO: 
2018-06-09 21:19:31,801: __main__: INFO: Saving report...
2018-06-09 21:19:32,141: __main__: INFO: done.
2018-06-09 21:19:32,141: __main__: INFO: 
2018-06-09 21:19:32,141: __main__: INFO: Measuring recall at predicting best candidate...
2018-06-09 21:19:32,453: __main__: INFO: Predicted like human behavior with rulebased selection:
2018-06-09 21:19:32,453: __main__: INFO: - recall@1: 346 / 1028 = 0.336576
2018-06-09 21:19:32,453: __main__: INFO: - recall@2: 580 / 1028 = 0.564202
2018-06-09 21:19:32,453: __main__: INFO: - recall@3: 689 / 1028 = 0.670233
2018-06-09 21:19:32,453: __main__: INFO: - recall@4: 767 / 1028 = 0.746109
2018-06-09 21:19:32,453: __main__: INFO: - recall@5: 838 / 1028 = 0.815175
2018-06-09 21:19:32,453: __main__: INFO: - recall@6: 896 / 1028 = 0.871595
2018-06-09 21:19:32,453: __main__: INFO: - recall@7: 944 / 1028 = 0.918288
2018-06-09 21:19:32,453: __main__: INFO: - recall@8: 1028 / 1028 = 1
2018-06-09 21:19:32,453: __main__: INFO: - recall@9: 1028 / 1028 = 1
2018-06-09 21:19:32,453: __main__: INFO: Predicted like human behavior with argmax selection:
2018-06-09 21:19:32,453: __main__: INFO: - recall@1: 322 / 1028 = 0.31323
2018-06-09 21:19:32,453: __main__: INFO: - recall@2: 545 / 1028 = 0.530156
2018-06-09 21:19:32,453: __main__: INFO: - recall@3: 661 / 1028 = 0.642996
2018-06-09 21:19:32,453: __main__: INFO: - recall@4: 747 / 1028 = 0.726654
2018-06-09 21:19:32,453: __main__: INFO: - recall@5: 832 / 1028 = 0.809339
2018-06-09 21:19:32,453: __main__: INFO: - recall@6: 903 / 1028 = 0.878405
2018-06-09 21:19:32,453: __main__: INFO: - recall@7: 963 / 1028 = 0.93677
2018-06-09 21:19:32,453: __main__: INFO: - recall@8: 1028 / 1028 = 1
2018-06-09 21:19:32,453: __main__: INFO: - recall@9: 1028 / 1028 = 1
2018-06-09 21:19:32,453: __main__: INFO: Predicted like human behavior with sampled selection:
2018-06-09 21:19:32,453: __main__: INFO: - recall@1: 224 / 1028 = 0.217899
2018-06-09 21:19:32,453: __main__: INFO: - recall@2: 436 / 1028 = 0.424125
2018-06-09 21:19:32,453: __main__: INFO: - recall@3: 549 / 1028 = 0.534047
2018-06-09 21:19:32,453: __main__: INFO: - recall@4: 639 / 1028 = 0.621595
2018-06-09 21:19:32,453: __main__: INFO: - recall@5: 733 / 1028 = 0.713035
2018-06-09 21:19:32,453: __main__: INFO: - recall@6: 850 / 1028 = 0.826848
2018-06-09 21:19:32,453: __main__: INFO: - recall@7: 947 / 1028 = 0.921206
2018-06-09 21:19:32,453: __main__: INFO: - recall@8: 1028 / 1028 = 1
2018-06-09 21:19:32,453: __main__: INFO: - recall@9: 1028 / 1028 = 1
2018-06-09 21:19:32,562: __main__: INFO: 
2018-06-09 21:19:32,562: __main__: INFO: Measuring recall@1 for each context length...
2018-06-09 21:19:32,671: __main__: INFO: Predicted like human behavior with rulebased selection:
2018-06-09 21:19:32,671: __main__: INFO: - recall@1 for context of size 1: 78 / 177 = 0.440677966102
2018-06-09 21:19:32,671: __main__: INFO: - recall@1 for context of size 2: 0 / 0 = inf
2018-06-09 21:19:32,671: __main__: INFO: - recall@1 for context of size 3: 49 / 177 = 0.276836158192
2018-06-09 21:19:32,671: __main__: INFO: - recall@1 for context of size 4: 0 / 0 = inf
2018-06-09 21:19:32,671: __main__: INFO: - recall@1 for context of size 5: 51 / 177 = 0.28813559322
2018-06-09 21:19:32,671: __main__: INFO: - recall@1 for context of size 6: 0 / 0 = inf
2018-06-09 21:19:32,671: __main__: INFO: - recall@1 for context of size 7: 53 / 177 = 0.299435028249
2018-06-09 21:19:32,671: __main__: INFO: - recall@1 for context of size 8: 0 / 0 = inf
2018-06-09 21:19:32,671: __main__: INFO: - recall@1 for context of size 9: 53 / 177 = 0.299435028249
2018-06-09 21:19:32,672: __main__: INFO: - recall@1 for context of size 10: 0 / 0 = inf
2018-06-09 21:19:32,672: __main__: INFO: - recall@1 for context of size 11: 31 / 75 = 0.413333333333
2018-06-09 21:19:32,672: __main__: INFO: - recall@1 for context of size 12: 0 / 0 = inf
2018-06-09 21:19:32,672: __main__: INFO: - recall@1 for context of size 13: 15 / 28 = 0.535714285714
2018-06-09 21:19:32,672: __main__: INFO: - recall@1 for context of size 14: 0 / 0 = inf
2018-06-09 21:19:32,672: __main__: INFO: - recall@1 for context of size 15: 6 / 17 = 0.352941176471
2018-06-09 21:19:32,672: __main__: INFO: - recall@1 for context of size 16: 0 / 0 = inf
2018-06-09 21:19:32,672: __main__: INFO: - recall@1 for context of size 17: 4 / 12 = 0.333333333333
2018-06-09 21:19:32,672: __main__: INFO: - recall@1 for context of size 18: 0 / 0 = inf
2018-06-09 21:19:32,672: __main__: INFO: - recall@1 for context of size 19: 4 / 7 = 0.571428571429
2018-06-09 21:19:32,672: __main__: INFO: - recall@1 for context of size 20: 0 / 0 = inf
2018-06-09 21:19:32,672: __main__: INFO: - recall@1 for context of size 21: 2 / 4 = 0.5
2018-06-09 21:19:32,672: __main__: INFO: Predicted like human behavior with argmax selection:
2018-06-09 21:19:32,672: __main__: INFO: - recall@1 for context of size 1: 111 / 177 = 0.627118644068
2018-06-09 21:19:32,672: __main__: INFO: - recall@1 for context of size 2: 0 / 0 = inf
2018-06-09 21:19:32,672: __main__: INFO: - recall@1 for context of size 3: 39 / 177 = 0.220338983051
2018-06-09 21:19:32,672: __main__: INFO: - recall@1 for context of size 4: 0 / 0 = inf
2018-06-09 21:19:32,672: __main__: INFO: - recall@1 for context of size 5: 44 / 177 = 0.248587570621
2018-06-09 21:19:32,672: __main__: INFO: - recall@1 for context of size 6: 0 / 0 = inf
2018-06-09 21:19:32,672: __main__: INFO: - recall@1 for context of size 7: 46 / 177 = 0.25988700565
2018-06-09 21:19:32,672: __main__: INFO: - recall@1 for context of size 8: 0 / 0 = inf
2018-06-09 21:19:32,672: __main__: INFO: - recall@1 for context of size 9: 36 / 177 = 0.203389830508
2018-06-09 21:19:32,672: __main__: INFO: - recall@1 for context of size 10: 0 / 0 = inf
2018-06-09 21:19:32,672: __main__: INFO: - recall@1 for context of size 11: 23 / 75 = 0.306666666667
2018-06-09 21:19:32,672: __main__: INFO: - recall@1 for context of size 12: 0 / 0 = inf
2018-06-09 21:19:32,672: __main__: INFO: - recall@1 for context of size 13: 11 / 28 = 0.392857142857
2018-06-09 21:19:32,672: __main__: INFO: - recall@1 for context of size 14: 0 / 0 = inf
2018-06-09 21:19:32,672: __main__: INFO: - recall@1 for context of size 15: 6 / 17 = 0.352941176471
2018-06-09 21:19:32,672: __main__: INFO: - recall@1 for context of size 16: 0 / 0 = inf
2018-06-09 21:19:32,672: __main__: INFO: - recall@1 for context of size 17: 3 / 12 = 0.25
2018-06-09 21:19:32,672: __main__: INFO: - recall@1 for context of size 18: 0 / 0 = inf
2018-06-09 21:19:32,672: __main__: INFO: - recall@1 for context of size 19: 2 / 7 = 0.285714285714
2018-06-09 21:19:32,672: __main__: INFO: - recall@1 for context of size 20: 0 / 0 = inf
2018-06-09 21:19:32,672: __main__: INFO: - recall@1 for context of size 21: 1 / 4 = 0.25
2018-06-09 21:19:32,672: __main__: INFO: Predicted like human behavior with sampled selection:
2018-06-09 21:19:32,673: __main__: INFO: - recall@1 for context of size 1: 91 / 177 = 0.514124293785
2018-06-09 21:19:32,673: __main__: INFO: - recall@1 for context of size 2: 0 / 0 = inf
2018-06-09 21:19:32,673: __main__: INFO: - recall@1 for context of size 3: 30 / 177 = 0.169491525424
2018-06-09 21:19:32,673: __main__: INFO: - recall@1 for context of size 4: 0 / 0 = inf
2018-06-09 21:19:32,673: __main__: INFO: - recall@1 for context of size 5: 27 / 177 = 0.152542372881
2018-06-09 21:19:32,673: __main__: INFO: - recall@1 for context of size 6: 0 / 0 = inf
2018-06-09 21:19:32,673: __main__: INFO: - recall@1 for context of size 7: 29 / 177 = 0.16384180791
2018-06-09 21:19:32,673: __main__: INFO: - recall@1 for context of size 8: 0 / 0 = inf
2018-06-09 21:19:32,673: __main__: INFO: - recall@1 for context of size 9: 21 / 177 = 0.118644067797
2018-06-09 21:19:32,673: __main__: INFO: - recall@1 for context of size 10: 0 / 0 = inf
2018-06-09 21:19:32,673: __main__: INFO: - recall@1 for context of size 11: 11 / 75 = 0.146666666667
2018-06-09 21:19:32,673: __main__: INFO: - recall@1 for context of size 12: 0 / 0 = inf
2018-06-09 21:19:32,673: __main__: INFO: - recall@1 for context of size 13: 2 / 28 = 0.0714285714286
2018-06-09 21:19:32,673: __main__: INFO: - recall@1 for context of size 14: 0 / 0 = inf
2018-06-09 21:19:32,673: __main__: INFO: - recall@1 for context of size 15: 2 / 17 = 0.117647058824
2018-06-09 21:19:32,673: __main__: INFO: - recall@1 for context of size 16: 0 / 0 = inf
2018-06-09 21:19:32,673: __main__: INFO: - recall@1 for context of size 17: 1 / 12 = 0.0833333333333
2018-06-09 21:19:32,673: __main__: INFO: - recall@1 for context of size 18: 0 / 0 = inf
2018-06-09 21:19:32,673: __main__: INFO: - recall@1 for context of size 19: 1 / 7 = 0.142857142857
2018-06-09 21:19:32,673: __main__: INFO: - recall@1 for context of size 20: 0 / 0 = inf
2018-06-09 21:19:32,673: __main__: INFO: - recall@1 for context of size 21: 0 / 4 = 0.0
q_test.py:1744: RuntimeWarning: invalid value encountered in divide
recalls_rulebased = np.array(recalls_rulebased) / np.array(totals_rulebased)
q_test.py:1745: RuntimeWarning: invalid value encountered in divide
recalls_argmax = np.array(recalls_argmax) / np.array(totals_argmax)
q_test.py:1746: RuntimeWarning: invalid value encountered in divide
recalls_sample = np.array(recalls_sample) / np.array(totals_sample)
2018-06-09 21:19:32,844: __main__: INFO: done.
