loading word2vec embeddings...
2018-06-09 20:29:22,836: features: INFO: loading nltk english stop words...
2018-06-09 20:29:22,843: features: INFO: set([u'all', u'just', u'being', u'over', u'both', u'through', u'yourselves', u'its', u'before', u'o', u'hadn', u'herself', u'll', u'had', u'should', u'to', u'only', u'won', u'under', u'ours', u'has', u'do', u'them', u'his', u'very', u'they', u'not', u'during', u'now', u'him', u'nor', u'd', u'did', u'didn', u'this', u'she', u'each', u'further', u'where', u'few', u'because', u'doing', u'some', u'hasn', u'are', u'our', u'ourselves', u'out', u'what', u'for', u'while', u're', u'does', u'above', u'between', u'mustn', u't', u'be', u'we', u'who', u'were', u'here', u'shouldn', u'hers', u'by', u'on', u'about', u'couldn', u'of', u'against', u's', u'isn', u'or', u'own', u'into', u'yourself', u'down', u'mightn', u'wasn', u'your', u'from', u'her', u'their', u'aren', u'there', u'been', u'whom', u'too', u'wouldn', u'themselves', u'weren', u'was', u'until', u'more', u'himself', u'that', u'but', u'don', u'with', u'than', u'those', u'he', u'me', u'myself', u'ma', u'these', u'up', u'will', u'below', u'ain', u'can', u'theirs', u'my', u'and', u've', u'then', u'is', u'am', u'it', u'doesn', u'an', u'as', u'itself', u'at', u'have', u'in', u'any', u'if', u'again', u'no', u'when', u'same', u'how', u'other', u'which', u'you', u'shan', u'needn', u'haven', u'after', u'most', u'such', u'why', u'a', u'off', u'i', u'm', u'yours', u'so', u'y', u'the', u'having', u'once'])
2018-06-09 20:29:22,844: features: INFO: 
2018-06-09 20:29:23,200: extract_amt_for_q_ranker: INFO: using ALL features: ['ArticleLength', 'AverageWordEmbedding_Article', 'AverageWordEmbedding_Candidate', 'AverageWordEmbedding_LastK', 'AverageWordEmbedding_User', 'AverageWordEmbedding_kUser', 'BigramOverlap', 'CandidateLength', 'ConfusionWords', 'DialogActCandidate', 'DialogActLastUser', 'DialogLength', 'EntityOverlap', 'GenericTurns', 'IntensifierWords', 'LastUserLength', 'Negation', 'NonStopWordOverlap', 'ProfanityWords', 'SentimentScoreCandidate', 'SentimentScoreLastUser', 'Similarity_CandidateArticle', 'Similarity_CandidateArticle_noStop', 'Similarity_CandidateKUser', 'Similarity_CandidateKUser_noStop', 'Similarity_CandidateLastK', 'Similarity_CandidateLastK_noStop', 'Similarity_CandidateUser', 'TrigramOverlap', 'WhWords']
2018-06-09 20:29:35,968: __main__: INFO: 
2018-06-09 20:29:35,968: __main__: INFO: Namespace(gpu=0, model_prefix='models/q_estimator/SmallQ/Small_Q-Network[exp42]os_1526912041.45', verbose=False)
2018-06-09 20:29:35,968: __main__: INFO: 
2018-06-09 20:29:35,970: __main__: INFO: old parameters: {u'sentence_hs': 300, u'verbose': False, u'article_bidir': False, u'utterance_hs': 300, u'update_frequence': 2000, u'article_hs': 300, u'epochs': 100000, u'patience': 20, u'mlp_dropout': 0.4, u'context_dropout': 0.2, u'utterance_dropout': 0.2, u'fix_embeddings': False, u'data_f': u'./data/q_ranker_amt_data++_1525301962.86.json', u'experiment': None, u'sentence_bidir': False, u'gpu': 0, u'article_dropout': 0.2, u'optimizer': u'sgd', u'learning_rate': 0.0001, u'batch_size': 128, u'sentence_dropout': 0.2, u'context_hs': 300, u'predict_rewards': False, u'rnn_gate': u'gru', u'mlp_activation': u'prelu', u'utterance_bidir': False, u'model_name': u'SmallQ/Small_Q-Network[exp42]os', u'vocab_f': u'./data/q_ranker_amt_vocab_1525301962.86.pkl', u'mode': u'mlp', u'debug': False, u'context_bidir': False, u'gamma': 0.99}
2018-06-09 20:29:35,970: __main__: INFO: 
2018-06-09 20:29:35,970: __main__: INFO: Loading data from ./data/q_ranker_amt_data_1527760664.38.pkl...
2018-06-09 20:34:58,025: __main__: INFO: got 7083 test examples
2018-06-09 20:34:58,025: __main__: INFO: 
2018-06-09 20:34:58,025: __main__: INFO: Loading vocabulary...
2018-06-09 20:34:58,110: __main__: INFO: number of unique tokens: 24448
2018-06-09 20:34:58,110: __main__: INFO: 
2018-06-09 20:34:58,110: __main__: INFO: Get data loaders...
2018-06-09 20:34:58,132: __main__: INFO: done.
2018-06-09 20:34:58,132: __main__: INFO: 
2018-06-09 20:34:58,132: __main__: INFO: Building word embeddings...
2018-06-09 20:34:58,262: __main__: INFO: Got 16787/24448 = 0.686641 pretrained embeddings
2018-06-09 20:34:58,262: __main__: INFO: 
2018-06-09 20:34:58,262: __main__: INFO: Building Q-Network...
2018-06-09 20:35:18,206: __main__: INFO: QNetwork(
(fc_1): Linear(in_features=1579, out_features=789, bias=True)
(fc_2): Linear(in_features=789, out_features=789, bias=True)
(fc_3): Linear(in_features=789, out_features=394, bias=True)
(fc_4): Linear(in_features=394, out_features=1, bias=True)
(dropout): Dropout(p=0.4)
)
2018-06-09 20:35:18,206: __main__: INFO: 
2018-06-09 20:35:18,206: __main__: INFO: cuda available! Moving variables to cuda 0...
2018-06-09 20:35:18,277: __main__: INFO: 
2018-06-09 20:35:18,277: __main__: INFO: Plotting timings...
2018-06-09 20:35:18,883: __main__: INFO: best valid loss: 0.333359 achieved at epoch 54
2018-06-09 20:35:18,883: __main__: INFO: training loss at this epoch: 0.567726
2018-06-09 20:35:18,883: __main__: INFO: done.
2018-06-09 20:35:18,883: __main__: INFO: 
2018-06-09 20:35:18,883: __main__: INFO: Testing model in batches...
2018-06-09 20:35:41,623: __main__: INFO: Test loss: 0.316779
2018-06-09 20:35:41,623: __main__: INFO: Finished testing. Time elapsed: 22.7398 seconds
2018-06-09 20:35:41,623: __main__: INFO: 
2018-06-09 20:35:41,623: __main__: INFO: Testing model one example at a time & generating report.json
2018-06-09 20:36:15,404: __main__: INFO: Now simulating the old chatbot decision policy...
2018-06-09 20:36:21,961: __main__: INFO: Finished 1-by-1 testing. Time elapsed: 40.338 seconds
2018-06-09 20:36:21,961: __main__: INFO: 
2018-06-09 20:36:21,961: __main__: INFO: Saving report...
2018-06-09 20:36:22,294: __main__: INFO: done.
2018-06-09 20:36:22,294: __main__: INFO: 
2018-06-09 20:36:22,294: __main__: INFO: Measuring recall at predicting best candidate...
2018-06-09 20:36:22,574: __main__: INFO: Predicted like human behavior with rulebased selection:
2018-06-09 20:36:22,574: __main__: INFO: - recall@1: 368 / 1028 = 0.357977
2018-06-09 20:36:22,574: __main__: INFO: - recall@2: 556 / 1028 = 0.540856
2018-06-09 20:36:22,574: __main__: INFO: - recall@3: 712 / 1028 = 0.692607
2018-06-09 20:36:22,574: __main__: INFO: - recall@4: 780 / 1028 = 0.758755
2018-06-09 20:36:22,574: __main__: INFO: - recall@5: 856 / 1028 = 0.832685
2018-06-09 20:36:22,574: __main__: INFO: - recall@6: 902 / 1028 = 0.877432
2018-06-09 20:36:22,574: __main__: INFO: - recall@7: 961 / 1028 = 0.934825
2018-06-09 20:36:22,574: __main__: INFO: - recall@8: 1028 / 1028 = 1
2018-06-09 20:36:22,574: __main__: INFO: - recall@9: 1028 / 1028 = 1
2018-06-09 20:36:22,574: __main__: INFO: Predicted like human behavior with argmax selection:
2018-06-09 20:36:22,574: __main__: INFO: - recall@1: 402 / 1028 = 0.391051
2018-06-09 20:36:22,574: __main__: INFO: - recall@2: 644 / 1028 = 0.626459
2018-06-09 20:36:22,574: __main__: INFO: - recall@3: 755 / 1028 = 0.734436
2018-06-09 20:36:22,574: __main__: INFO: - recall@4: 835 / 1028 = 0.812257
2018-06-09 20:36:22,574: __main__: INFO: - recall@5: 882 / 1028 = 0.857977
2018-06-09 20:36:22,574: __main__: INFO: - recall@6: 929 / 1028 = 0.903696
2018-06-09 20:36:22,575: __main__: INFO: - recall@7: 975 / 1028 = 0.948444
2018-06-09 20:36:22,575: __main__: INFO: - recall@8: 1028 / 1028 = 1
2018-06-09 20:36:22,575: __main__: INFO: - recall@9: 1028 / 1028 = 1
2018-06-09 20:36:22,575: __main__: INFO: Predicted like human behavior with sampled selection:
2018-06-09 20:36:22,575: __main__: INFO: - recall@1: 253 / 1028 = 0.246109
2018-06-09 20:36:22,575: __main__: INFO: - recall@2: 469 / 1028 = 0.456226
2018-06-09 20:36:22,575: __main__: INFO: - recall@3: 581 / 1028 = 0.565175
2018-06-09 20:36:22,575: __main__: INFO: - recall@4: 701 / 1028 = 0.681907
2018-06-09 20:36:22,575: __main__: INFO: - recall@5: 796 / 1028 = 0.774319
2018-06-09 20:36:22,575: __main__: INFO: - recall@6: 872 / 1028 = 0.848249
2018-06-09 20:36:22,575: __main__: INFO: - recall@7: 964 / 1028 = 0.937743
2018-06-09 20:36:22,575: __main__: INFO: - recall@8: 1028 / 1028 = 1
2018-06-09 20:36:22,575: __main__: INFO: - recall@9: 1028 / 1028 = 1
2018-06-09 20:36:22,686: __main__: INFO: 
2018-06-09 20:36:22,686: __main__: INFO: Measuring recall@1 for each context length...
2018-06-09 20:36:22,795: __main__: INFO: Predicted like human behavior with rulebased selection:
2018-06-09 20:36:22,795: __main__: INFO: - recall@1 for context of size 1: 94 / 177 = 0.531073446328
2018-06-09 20:36:22,795: __main__: INFO: - recall@1 for context of size 2: 0 / 0 = inf
2018-06-09 20:36:22,795: __main__: INFO: - recall@1 for context of size 3: 50 / 177 = 0.282485875706
2018-06-09 20:36:22,795: __main__: INFO: - recall@1 for context of size 4: 0 / 0 = inf
2018-06-09 20:36:22,795: __main__: INFO: - recall@1 for context of size 5: 48 / 177 = 0.271186440678
2018-06-09 20:36:22,795: __main__: INFO: - recall@1 for context of size 6: 0 / 0 = inf
2018-06-09 20:36:22,795: __main__: INFO: - recall@1 for context of size 7: 59 / 177 = 0.333333333333
2018-06-09 20:36:22,795: __main__: INFO: - recall@1 for context of size 8: 0 / 0 = inf
2018-06-09 20:36:22,795: __main__: INFO: - recall@1 for context of size 9: 59 / 177 = 0.333333333333
2018-06-09 20:36:22,796: __main__: INFO: - recall@1 for context of size 10: 0 / 0 = inf
2018-06-09 20:36:22,796: __main__: INFO: - recall@1 for context of size 11: 27 / 75 = 0.36
2018-06-09 20:36:22,796: __main__: INFO: - recall@1 for context of size 12: 0 / 0 = inf
2018-06-09 20:36:22,796: __main__: INFO: - recall@1 for context of size 13: 13 / 28 = 0.464285714286
2018-06-09 20:36:22,796: __main__: INFO: - recall@1 for context of size 14: 0 / 0 = inf
2018-06-09 20:36:22,796: __main__: INFO: - recall@1 for context of size 15: 5 / 17 = 0.294117647059
2018-06-09 20:36:22,796: __main__: INFO: - recall@1 for context of size 16: 0 / 0 = inf
2018-06-09 20:36:22,796: __main__: INFO: - recall@1 for context of size 17: 6 / 12 = 0.5
2018-06-09 20:36:22,796: __main__: INFO: - recall@1 for context of size 18: 0 / 0 = inf
2018-06-09 20:36:22,796: __main__: INFO: - recall@1 for context of size 19: 5 / 7 = 0.714285714286
2018-06-09 20:36:22,796: __main__: INFO: - recall@1 for context of size 20: 0 / 0 = inf
2018-06-09 20:36:22,796: __main__: INFO: - recall@1 for context of size 21: 2 / 4 = 0.5
2018-06-09 20:36:22,796: __main__: INFO: Predicted like human behavior with argmax selection:
2018-06-09 20:36:22,796: __main__: INFO: - recall@1 for context of size 1: 117 / 177 = 0.661016949153
2018-06-09 20:36:22,796: __main__: INFO: - recall@1 for context of size 2: 0 / 0 = inf
2018-06-09 20:36:22,796: __main__: INFO: - recall@1 for context of size 3: 59 / 177 = 0.333333333333
2018-06-09 20:36:22,796: __main__: INFO: - recall@1 for context of size 4: 0 / 0 = inf
2018-06-09 20:36:22,796: __main__: INFO: - recall@1 for context of size 5: 51 / 177 = 0.28813559322
2018-06-09 20:36:22,796: __main__: INFO: - recall@1 for context of size 6: 0 / 0 = inf
2018-06-09 20:36:22,796: __main__: INFO: - recall@1 for context of size 7: 64 / 177 = 0.361581920904
2018-06-09 20:36:22,796: __main__: INFO: - recall@1 for context of size 8: 0 / 0 = inf
2018-06-09 20:36:22,796: __main__: INFO: - recall@1 for context of size 9: 63 / 177 = 0.35593220339
2018-06-09 20:36:22,796: __main__: INFO: - recall@1 for context of size 10: 0 / 0 = inf
2018-06-09 20:36:22,796: __main__: INFO: - recall@1 for context of size 11: 28 / 75 = 0.373333333333
2018-06-09 20:36:22,796: __main__: INFO: - recall@1 for context of size 12: 0 / 0 = inf
2018-06-09 20:36:22,796: __main__: INFO: - recall@1 for context of size 13: 8 / 28 = 0.285714285714
2018-06-09 20:36:22,796: __main__: INFO: - recall@1 for context of size 14: 0 / 0 = inf
2018-06-09 20:36:22,796: __main__: INFO: - recall@1 for context of size 15: 3 / 17 = 0.176470588235
2018-06-09 20:36:22,796: __main__: INFO: - recall@1 for context of size 16: 0 / 0 = inf
2018-06-09 20:36:22,796: __main__: INFO: - recall@1 for context of size 17: 4 / 12 = 0.333333333333
2018-06-09 20:36:22,796: __main__: INFO: - recall@1 for context of size 18: 0 / 0 = inf
2018-06-09 20:36:22,796: __main__: INFO: - recall@1 for context of size 19: 4 / 7 = 0.571428571429
2018-06-09 20:36:22,796: __main__: INFO: - recall@1 for context of size 20: 0 / 0 = inf
2018-06-09 20:36:22,796: __main__: INFO: - recall@1 for context of size 21: 1 / 4 = 0.25
2018-06-09 20:36:22,796: __main__: INFO: Predicted like human behavior with sampled selection:
2018-06-09 20:36:22,796: __main__: INFO: - recall@1 for context of size 1: 91 / 177 = 0.514124293785
2018-06-09 20:36:22,796: __main__: INFO: - recall@1 for context of size 2: 0 / 0 = inf
2018-06-09 20:36:22,796: __main__: INFO: - recall@1 for context of size 3: 24 / 177 = 0.135593220339
2018-06-09 20:36:22,796: __main__: INFO: - recall@1 for context of size 4: 0 / 0 = inf
2018-06-09 20:36:22,796: __main__: INFO: - recall@1 for context of size 5: 31 / 177 = 0.175141242938
2018-06-09 20:36:22,796: __main__: INFO: - recall@1 for context of size 6: 0 / 0 = inf
2018-06-09 20:36:22,796: __main__: INFO: - recall@1 for context of size 7: 41 / 177 = 0.231638418079
2018-06-09 20:36:22,796: __main__: INFO: - recall@1 for context of size 8: 0 / 0 = inf
2018-06-09 20:36:22,796: __main__: INFO: - recall@1 for context of size 9: 34 / 177 = 0.19209039548
2018-06-09 20:36:22,796: __main__: INFO: - recall@1 for context of size 10: 0 / 0 = inf
2018-06-09 20:36:22,796: __main__: INFO: - recall@1 for context of size 11: 17 / 75 = 0.226666666667
2018-06-09 20:36:22,796: __main__: INFO: - recall@1 for context of size 12: 0 / 0 = inf
2018-06-09 20:36:22,796: __main__: INFO: - recall@1 for context of size 13: 7 / 28 = 0.25
2018-06-09 20:36:22,797: __main__: INFO: - recall@1 for context of size 14: 0 / 0 = inf
2018-06-09 20:36:22,797: __main__: INFO: - recall@1 for context of size 15: 2 / 17 = 0.117647058824
2018-06-09 20:36:22,797: __main__: INFO: - recall@1 for context of size 16: 0 / 0 = inf
2018-06-09 20:36:22,797: __main__: INFO: - recall@1 for context of size 17: 3 / 12 = 0.25
2018-06-09 20:36:22,797: __main__: INFO: - recall@1 for context of size 18: 0 / 0 = inf
2018-06-09 20:36:22,797: __main__: INFO: - recall@1 for context of size 19: 3 / 7 = 0.428571428571
2018-06-09 20:36:22,797: __main__: INFO: - recall@1 for context of size 20: 0 / 0 = inf
2018-06-09 20:36:22,797: __main__: INFO: - recall@1 for context of size 21: 2 / 4 = 0.5
q_test.py:1744: RuntimeWarning: invalid value encountered in divide
recalls_rulebased = np.array(recalls_rulebased) / np.array(totals_rulebased)
q_test.py:1745: RuntimeWarning: invalid value encountered in divide
recalls_argmax = np.array(recalls_argmax) / np.array(totals_argmax)
q_test.py:1746: RuntimeWarning: invalid value encountered in divide
recalls_sample = np.array(recalls_sample) / np.array(totals_sample)
2018-06-09 20:36:22,968: __main__: INFO: done.
