loading word2vec embeddings...
2018-06-12 18:24:29,026: features: INFO: loading nltk english stop words...
2018-06-12 18:24:29,030: features: INFO: set([u'all', u'just', u'being', u'over', u'both', u'through', u'yourselves', u'its', u'before', u'o', u'hadn', u'herself', u'll', u'had', u'should', u'to', u'only', u'won', u'under', u'ours', u'has', u'do', u'them', u'his', u'very', u'they', u'not', u'during', u'now', u'him', u'nor', u'd', u'did', u'didn', u'this', u'she', u'each', u'further', u'where', u'few', u'because', u'doing', u'some', u'hasn', u'are', u'our', u'ourselves', u'out', u'what', u'for', u'while', u're', u'does', u'above', u'between', u'mustn', u't', u'be', u'we', u'who', u'were', u'here', u'shouldn', u'hers', u'by', u'on', u'about', u'couldn', u'of', u'against', u's', u'isn', u'or', u'own', u'into', u'yourself', u'down', u'mightn', u'wasn', u'your', u'from', u'her', u'their', u'aren', u'there', u'been', u'whom', u'too', u'wouldn', u'themselves', u'weren', u'was', u'until', u'more', u'himself', u'that', u'but', u'don', u'with', u'than', u'those', u'he', u'me', u'myself', u'ma', u'these', u'up', u'will', u'below', u'ain', u'can', u'theirs', u'my', u'and', u've', u'then', u'is', u'am', u'it', u'doesn', u'an', u'as', u'itself', u'at', u'have', u'in', u'any', u'if', u'again', u'no', u'when', u'same', u'how', u'other', u'which', u'you', u'shan', u'needn', u'haven', u'after', u'most', u'such', u'why', u'a', u'off', u'i', u'm', u'yours', u'so', u'y', u'the', u'having', u'once'])
2018-06-12 18:24:29,030: features: INFO: 
2018-06-12 18:24:29,567: extract_amt_for_q_ranker: INFO: using ALL features: ['ArticleLength', 'AverageWordEmbedding_Article', 'AverageWordEmbedding_Candidate', 'AverageWordEmbedding_LastK', 'AverageWordEmbedding_User', 'AverageWordEmbedding_kUser', 'BigramOverlap', 'CandidateLength', 'ConfusionWords', 'DialogActCandidate', 'DialogActLastUser', 'DialogLength', 'EntityOverlap', 'GenericTurns', 'IntensifierWords', 'LastUserLength', 'Negation', 'NonStopWordOverlap', 'ProfanityWords', 'SentimentScoreCandidate', 'SentimentScoreLastUser', 'Similarity_CandidateArticle', 'Similarity_CandidateArticle_noStop', 'Similarity_CandidateKUser', 'Similarity_CandidateKUser_noStop', 'Similarity_CandidateLastK', 'Similarity_CandidateLastK_noStop', 'Similarity_CandidateUser', 'TrigramOverlap', 'WhWords']
2018-06-12 18:24:43,682: __main__: INFO: 
2018-06-12 18:24:43,682: __main__: INFO: Namespace(gpu=0, model_prefix='models/q_estimator/SmallQ/Small_Q-Network[exp36]_1527478133.15', verbose=False)
2018-06-12 18:24:43,682: __main__: INFO: 
2018-06-12 18:24:43,684: __main__: INFO: old parameters: {u'sentence_hs': 300, u'verbose': False, u'article_bidir': False, u'utterance_hs': 300, u'update_frequence': 2000, u'article_hs': 300, u'epochs': 100000, u'patience': 20, u'mlp_dropout': 0.8, u'context_dropout': 0.2, u'utterance_dropout': 0.2, u'fix_embeddings': False, u'data_f': u'./data/q_ranker_amt_data_1524939554.0.json', u'experiment': None, u'sentence_bidir': False, u'gpu': 0, u'article_dropout': 0.2, u'optimizer': u'sgd', u'learning_rate': 0.0001, u'use_custom_encs': True, u'batch_size': 128, u'sentence_dropout': 0.2, u'context_hs': 300, u'predict_rewards': False, u'rnn_gate': u'gru', u'mlp_activation': u'sigmoid', u'utterance_bidir': False, u'model_name': u'SmallQ/Small_Q-Network[exp36]', u'vocab_f': u'./data/q_ranker_amt_vocab_1524939554.0.pkl', u'mode': u'mlp', u'debug': False, u'context_bidir': False, u'gamma': 0.99}
2018-06-12 18:24:43,684: __main__: INFO: 
2018-06-12 18:24:43,684: __main__: INFO: Loading data from ./data/q_ranker_amt_data_1527760664.38.pkl...
2018-06-12 18:27:21,425: __main__: INFO: got 7083 test examples
2018-06-12 18:27:21,425: __main__: INFO: 
2018-06-12 18:27:21,426: __main__: INFO: Loading vocabulary...
2018-06-12 18:27:21,510: __main__: INFO: number of unique tokens: 24448
2018-06-12 18:27:21,511: __main__: INFO: 
2018-06-12 18:27:21,511: __main__: INFO: Get data loaders...
2018-06-12 18:27:21,534: __main__: INFO: done.
2018-06-12 18:27:21,534: __main__: INFO: 
2018-06-12 18:27:21,534: __main__: INFO: Building word embeddings...
2018-06-12 18:27:21,654: __main__: INFO: Got 16787/24448 = 0.686641 pretrained embeddings
2018-06-12 18:27:21,655: __main__: INFO: 
2018-06-12 18:27:21,655: __main__: INFO: Building Q-Network...
2018-06-12 18:27:41,733: __main__: INFO: QNetwork(
(fc_1): Linear(in_features=1579, out_features=789, bias=True)
(fc_2): Linear(in_features=789, out_features=789, bias=True)
(fc_3): Linear(in_features=789, out_features=394, bias=True)
(fc_4): Linear(in_features=394, out_features=1, bias=True)
(dropout): Dropout(p=0.8)
)
2018-06-12 18:27:41,733: __main__: INFO: 
2018-06-12 18:27:41,733: __main__: INFO: cuda available! Moving variables to cuda 0...
2018-06-12 18:27:41,754: __main__: INFO: 
2018-06-12 18:27:41,754: __main__: INFO: Plotting timings...
2018-06-12 18:27:42,238: __main__: INFO: best valid loss: 0.00488116 achieved at epoch 2
2018-06-12 18:27:42,238: __main__: INFO: training loss at this epoch: 0.232391
2018-06-12 18:27:42,238: __main__: INFO: done.
2018-06-12 18:27:42,238: __main__: INFO: 
2018-06-12 18:27:42,238: __main__: INFO: Testing model in batches...
2018-06-12 18:28:02,658: __main__: INFO: Test loss: 0.0370816
2018-06-12 18:28:02,658: __main__: INFO: Finished testing. Time elapsed: 20.4196 seconds
2018-06-12 18:28:02,658: __main__: INFO: 
2018-06-12 18:28:02,658: __main__: INFO: Testing model one example at a time & generating report.json
2018-06-12 18:28:19,319: __main__: INFO: Now simulating the old chatbot decision policy...
2018-06-12 18:28:22,995: __main__: INFO: Finished 1-by-1 testing. Time elapsed: 20.337 seconds
2018-06-12 18:28:22,995: __main__: INFO: 
2018-06-12 18:28:22,995: __main__: INFO: Saving report...
2018-06-12 18:28:23,328: __main__: INFO: done.
2018-06-12 18:28:23,328: __main__: INFO: 
2018-06-12 18:28:23,328: __main__: INFO: Measuring recall at predicting best candidate...
2018-06-12 18:28:23,597: __main__: INFO: Predicted like human behavior with rulebased selection: -- avg: 0.7050
2018-06-12 18:28:23,597: __main__: INFO: - recall@1: 250 / 1028 = 0.243191
2018-06-12 18:28:23,597: __main__: INFO: - recall@2: 449 / 1028 = 0.43677
2018-06-12 18:28:23,597: __main__: INFO: - recall@3: 647 / 1028 = 0.629377
2018-06-12 18:28:23,597: __main__: INFO: - recall@4: 703 / 1028 = 0.683852
2018-06-12 18:28:23,597: __main__: INFO: - recall@5: 749 / 1028 = 0.728599
2018-06-12 18:28:23,597: __main__: INFO: - recall@6: 823 / 1028 = 0.800584
2018-06-12 18:28:23,597: __main__: INFO: - recall@7: 846 / 1028 = 0.822957
2018-06-12 18:28:23,597: __main__: INFO: - recall@8: 1028 / 1028 = 1
2018-06-12 18:28:23,597: __main__: INFO: - recall@9: 1028 / 1028 = 1
2018-06-12 18:28:23,597: __main__: INFO: Predicted like human behavior with argmax selection: -- avg: 0.6364
2018-06-12 18:28:23,597: __main__: INFO: - recall@1: 172 / 1028 = 0.167315
2018-06-12 18:28:23,597: __main__: INFO: - recall@2: 346 / 1028 = 0.336576
2018-06-12 18:28:23,597: __main__: INFO: - recall@3: 438 / 1028 = 0.42607
2018-06-12 18:28:23,597: __main__: INFO: - recall@4: 535 / 1028 = 0.520428
2018-06-12 18:28:23,597: __main__: INFO: - recall@5: 646 / 1028 = 0.628405
2018-06-12 18:28:23,597: __main__: INFO: - recall@6: 785 / 1028 = 0.763619
2018-06-12 18:28:23,597: __main__: INFO: - recall@7: 910 / 1028 = 0.885214
2018-06-12 18:28:23,597: __main__: INFO: - recall@8: 1028 / 1028 = 1
2018-06-12 18:28:23,597: __main__: INFO: - recall@9: 1028 / 1028 = 1
2018-06-12 18:28:23,597: __main__: INFO: Predicted like human behavior with sampled selection: -- avg: 0.6606
2018-06-12 18:28:23,597: __main__: INFO: - recall@1: 197 / 1028 = 0.191634
2018-06-12 18:28:23,597: __main__: INFO: - recall@2: 384 / 1028 = 0.373541
2018-06-12 18:28:23,597: __main__: INFO: - recall@3: 482 / 1028 = 0.468872
2018-06-12 18:28:23,597: __main__: INFO: - recall@4: 580 / 1028 = 0.564202
2018-06-12 18:28:23,597: __main__: INFO: - recall@5: 693 / 1028 = 0.674125
2018-06-12 18:28:23,597: __main__: INFO: - recall@6: 800 / 1028 = 0.77821
2018-06-12 18:28:23,597: __main__: INFO: - recall@7: 920 / 1028 = 0.894942
2018-06-12 18:28:23,597: __main__: INFO: - recall@8: 1028 / 1028 = 1
2018-06-12 18:28:23,597: __main__: INFO: - recall@9: 1028 / 1028 = 1
2018-06-12 18:28:23,711: __main__: INFO: 
2018-06-12 18:28:23,711: __main__: INFO: Measuring recall@1 for each context length...
2018-06-12 18:28:23,818: __main__: INFO: Predicted like human behavior with rulebased selection:
2018-06-12 18:28:23,818: __main__: INFO: - recall@1 for context of size 1: 87 / 177 = 0.491525423729
2018-06-12 18:28:23,818: __main__: INFO: - recall@1 for context of size 3: 30 / 177 = 0.169491525424
2018-06-12 18:28:23,818: __main__: INFO: - recall@1 for context of size 5: 30 / 177 = 0.169491525424
2018-06-12 18:28:23,818: __main__: INFO: - recall@1 for context of size 7: 29 / 177 = 0.16384180791
2018-06-12 18:28:23,818: __main__: INFO: - recall@1 for context of size 9: 37 / 177 = 0.209039548023
2018-06-12 18:28:23,818: __main__: INFO: - recall@1 for context of size 11: 20 / 75 = 0.266666666667
2018-06-12 18:28:23,819: __main__: INFO: - recall@1 for context of size 13: 8 / 28 = 0.285714285714
2018-06-12 18:28:23,819: __main__: INFO: - recall@1 for context of size 15: 4 / 17 = 0.235294117647
2018-06-12 18:28:23,819: __main__: INFO: - recall@1 for context of size 17: 2 / 12 = 0.166666666667
2018-06-12 18:28:23,819: __main__: INFO: - recall@1 for context of size 19: 2 / 7 = 0.285714285714
2018-06-12 18:28:23,819: __main__: INFO: - recall@1 for context of size 21: 1 / 4 = 0.25
2018-06-12 18:28:23,819: __main__: INFO: Predicted like human behavior with argmax selection:
2018-06-12 18:28:23,819: __main__: INFO: - recall@1 for context of size 1: 86 / 177 = 0.485875706215
2018-06-12 18:28:23,819: __main__: INFO: - recall@1 for context of size 3: 16 / 177 = 0.090395480226
2018-06-12 18:28:23,819: __main__: INFO: - recall@1 for context of size 5: 16 / 177 = 0.090395480226
2018-06-12 18:28:23,819: __main__: INFO: - recall@1 for context of size 7: 16 / 177 = 0.090395480226
2018-06-12 18:28:23,819: __main__: INFO: - recall@1 for context of size 9: 25 / 177 = 0.141242937853
2018-06-12 18:28:23,819: __main__: INFO: - recall@1 for context of size 11: 8 / 75 = 0.106666666667
2018-06-12 18:28:23,819: __main__: INFO: - recall@1 for context of size 13: 1 / 28 = 0.0357142857143
2018-06-12 18:28:23,819: __main__: INFO: - recall@1 for context of size 15: 2 / 17 = 0.117647058824
2018-06-12 18:28:23,819: __main__: INFO: - recall@1 for context of size 17: 1 / 12 = 0.0833333333333
2018-06-12 18:28:23,819: __main__: INFO: - recall@1 for context of size 19: 0 / 7 = 0.0
2018-06-12 18:28:23,819: __main__: INFO: - recall@1 for context of size 21: 1 / 4 = 0.25
2018-06-12 18:28:23,819: __main__: INFO: Predicted like human behavior with sampled selection:
2018-06-12 18:28:23,819: __main__: INFO: - recall@1 for context of size 1: 86 / 177 = 0.485875706215
2018-06-12 18:28:23,819: __main__: INFO: - recall@1 for context of size 3: 22 / 177 = 0.124293785311
2018-06-12 18:28:23,819: __main__: INFO: - recall@1 for context of size 5: 21 / 177 = 0.118644067797
2018-06-12 18:28:23,819: __main__: INFO: - recall@1 for context of size 7: 34 / 177 = 0.19209039548
2018-06-12 18:28:23,819: __main__: INFO: - recall@1 for context of size 9: 18 / 177 = 0.101694915254
2018-06-12 18:28:23,819: __main__: INFO: - recall@1 for context of size 11: 9 / 75 = 0.12
2018-06-12 18:28:23,819: __main__: INFO: - recall@1 for context of size 13: 4 / 28 = 0.142857142857
2018-06-12 18:28:23,819: __main__: INFO: - recall@1 for context of size 15: 3 / 17 = 0.176470588235
2018-06-12 18:28:23,819: __main__: INFO: - recall@1 for context of size 17: 0 / 12 = 0.0
2018-06-12 18:28:23,819: __main__: INFO: - recall@1 for context of size 19: 1 / 7 = 0.142857142857
2018-06-12 18:28:23,819: __main__: INFO: - recall@1 for context of size 21: 1 / 4 = 0.25
2018-06-12 18:28:23,937: __main__: INFO: done.
