loading word2vec embeddings...
2018-06-09 20:48:55,995: features: INFO: loading nltk english stop words...
2018-06-09 20:48:56,000: features: INFO: set([u'all', u'just', u'being', u'over', u'both', u'through', u'yourselves', u'its', u'before', u'o', u'hadn', u'herself', u'll', u'had', u'should', u'to', u'only', u'won', u'under', u'ours', u'has', u'do', u'them', u'his', u'very', u'they', u'not', u'during', u'now', u'him', u'nor', u'd', u'did', u'didn', u'this', u'she', u'each', u'further', u'where', u'few', u'because', u'doing', u'some', u'hasn', u'are', u'our', u'ourselves', u'out', u'what', u'for', u'while', u're', u'does', u'above', u'between', u'mustn', u't', u'be', u'we', u'who', u'were', u'here', u'shouldn', u'hers', u'by', u'on', u'about', u'couldn', u'of', u'against', u's', u'isn', u'or', u'own', u'into', u'yourself', u'down', u'mightn', u'wasn', u'your', u'from', u'her', u'their', u'aren', u'there', u'been', u'whom', u'too', u'wouldn', u'themselves', u'weren', u'was', u'until', u'more', u'himself', u'that', u'but', u'don', u'with', u'than', u'those', u'he', u'me', u'myself', u'ma', u'these', u'up', u'will', u'below', u'ain', u'can', u'theirs', u'my', u'and', u've', u'then', u'is', u'am', u'it', u'doesn', u'an', u'as', u'itself', u'at', u'have', u'in', u'any', u'if', u'again', u'no', u'when', u'same', u'how', u'other', u'which', u'you', u'shan', u'needn', u'haven', u'after', u'most', u'such', u'why', u'a', u'off', u'i', u'm', u'yours', u'so', u'y', u'the', u'having', u'once'])
2018-06-09 20:48:56,000: features: INFO: 
2018-06-09 20:48:56,415: extract_amt_for_q_ranker: INFO: using ALL features: ['ArticleLength', 'AverageWordEmbedding_Article', 'AverageWordEmbedding_Candidate', 'AverageWordEmbedding_LastK', 'AverageWordEmbedding_User', 'AverageWordEmbedding_kUser', 'BigramOverlap', 'CandidateLength', 'ConfusionWords', 'DialogActCandidate', 'DialogActLastUser', 'DialogLength', 'EntityOverlap', 'GenericTurns', 'IntensifierWords', 'LastUserLength', 'Negation', 'NonStopWordOverlap', 'ProfanityWords', 'SentimentScoreCandidate', 'SentimentScoreLastUser', 'Similarity_CandidateArticle', 'Similarity_CandidateArticle_noStop', 'Similarity_CandidateKUser', 'Similarity_CandidateKUser_noStop', 'Similarity_CandidateLastK', 'Similarity_CandidateLastK_noStop', 'Similarity_CandidateUser', 'TrigramOverlap', 'WhWords']
2018-06-09 20:49:01,412: __main__: INFO: 
2018-06-09 20:49:01,412: __main__: INFO: Namespace(gpu=0, model_prefix='models/q_estimator/SmallQ/Small_Q-Network[exp42]_1526971319.59', verbose=False)
2018-06-09 20:49:01,412: __main__: INFO: 
2018-06-09 20:49:01,424: __main__: INFO: old parameters: {u'sentence_hs': 300, u'verbose': False, u'article_bidir': False, u'utterance_hs': 300, u'update_frequence': 2000, u'article_hs': 300, u'epochs': 100000, u'patience': 20, u'mlp_dropout': 0.4, u'context_dropout': 0.2, u'utterance_dropout': 0.2, u'fix_embeddings': False, u'data_f': u'./data/q_ranker_amt_data_1524939554.0.json', u'experiment': None, u'sentence_bidir': False, u'gpu': 0, u'article_dropout': 0.2, u'optimizer': u'sgd', u'learning_rate': 0.0001, u'use_custom_encs': True, u'batch_size': 128, u'sentence_dropout': 0.2, u'context_hs': 300, u'predict_rewards': False, u'rnn_gate': u'gru', u'mlp_activation': u'prelu', u'utterance_bidir': False, u'model_name': u'SmallQ/Small_Q-Network[exp42]', u'vocab_f': u'./data/q_ranker_amt_vocab_1524939554.0.pkl', u'mode': u'mlp', u'debug': False, u'context_bidir': False, u'gamma': 0.99}
2018-06-09 20:49:01,424: __main__: INFO: 
2018-06-09 20:49:01,424: __main__: INFO: Loading data from ./data/q_ranker_amt_data_1527760664.38.pkl...
2018-06-09 20:54:18,623: __main__: INFO: got 7083 test examples
2018-06-09 20:54:18,623: __main__: INFO: 
2018-06-09 20:54:18,623: __main__: INFO: Loading vocabulary...
2018-06-09 20:54:19,175: __main__: INFO: number of unique tokens: 24448
2018-06-09 20:54:19,175: __main__: INFO: 
2018-06-09 20:54:19,175: __main__: INFO: Get data loaders...
2018-06-09 20:54:19,201: __main__: INFO: done.
2018-06-09 20:54:19,201: __main__: INFO: 
2018-06-09 20:54:19,201: __main__: INFO: Building word embeddings...
2018-06-09 20:54:19,437: __main__: INFO: Got 16787/24448 = 0.686641 pretrained embeddings
2018-06-09 20:54:19,437: __main__: INFO: 
2018-06-09 20:54:19,437: __main__: INFO: Building Q-Network...
2018-06-09 20:54:40,821: __main__: INFO: QNetwork(
(fc_1): Linear(in_features=1579, out_features=789, bias=True)
(fc_2): Linear(in_features=789, out_features=789, bias=True)
(fc_3): Linear(in_features=789, out_features=394, bias=True)
(fc_4): Linear(in_features=394, out_features=1, bias=True)
(dropout): Dropout(p=0.4)
)
2018-06-09 20:54:40,821: __main__: INFO: 
2018-06-09 20:54:40,821: __main__: INFO: cuda available! Moving variables to cuda 0...
2018-06-09 20:54:40,849: __main__: INFO: 
2018-06-09 20:54:40,849: __main__: INFO: Plotting timings...
2018-06-09 20:54:41,349: __main__: INFO: best valid loss: 0.0377533 achieved at epoch 8
2018-06-09 20:54:41,349: __main__: INFO: training loss at this epoch: 0.0431384
2018-06-09 20:54:41,349: __main__: INFO: done.
2018-06-09 20:54:41,349: __main__: INFO: 
2018-06-09 20:54:41,349: __main__: INFO: Testing model in batches...
2018-06-09 20:55:04,450: __main__: INFO: Test loss: 0.0405369
2018-06-09 20:55:04,450: __main__: INFO: Finished testing. Time elapsed: 23.1017 seconds
2018-06-09 20:55:04,450: __main__: INFO: 
2018-06-09 20:55:04,450: __main__: INFO: Testing model one example at a time & generating report.json
2018-06-09 20:55:37,724: __main__: INFO: Now simulating the old chatbot decision policy...
2018-06-09 20:55:44,143: __main__: INFO: Finished 1-by-1 testing. Time elapsed: 39.6925 seconds
2018-06-09 20:55:44,143: __main__: INFO: 
2018-06-09 20:55:44,143: __main__: INFO: Saving report...
2018-06-09 20:55:44,476: __main__: INFO: done.
2018-06-09 20:55:44,476: __main__: INFO: 
2018-06-09 20:55:44,476: __main__: INFO: Measuring recall at predicting best candidate...
2018-06-09 20:55:44,750: __main__: INFO: Predicted like human behavior with rulebased selection:
2018-06-09 20:55:44,751: __main__: INFO: - recall@1: 248 / 1028 = 0.241245
2018-06-09 20:55:44,751: __main__: INFO: - recall@2: 452 / 1028 = 0.439689
2018-06-09 20:55:44,751: __main__: INFO: - recall@3: 648 / 1028 = 0.63035
2018-06-09 20:55:44,751: __main__: INFO: - recall@4: 704 / 1028 = 0.684825
2018-06-09 20:55:44,751: __main__: INFO: - recall@5: 750 / 1028 = 0.729572
2018-06-09 20:55:44,751: __main__: INFO: - recall@6: 824 / 1028 = 0.801556
2018-06-09 20:55:44,751: __main__: INFO: - recall@7: 847 / 1028 = 0.82393
2018-06-09 20:55:44,751: __main__: INFO: - recall@8: 1028 / 1028 = 1
2018-06-09 20:55:44,751: __main__: INFO: - recall@9: 1028 / 1028 = 1
2018-06-09 20:55:44,751: __main__: INFO: Predicted like human behavior with argmax selection:
2018-06-09 20:55:44,751: __main__: INFO: - recall@1: 232 / 1028 = 0.225681
2018-06-09 20:55:44,751: __main__: INFO: - recall@2: 402 / 1028 = 0.391051
2018-06-09 20:55:44,751: __main__: INFO: - recall@3: 510 / 1028 = 0.496109
2018-06-09 20:55:44,751: __main__: INFO: - recall@4: 619 / 1028 = 0.60214
2018-06-09 20:55:44,751: __main__: INFO: - recall@5: 728 / 1028 = 0.708171
2018-06-09 20:55:44,751: __main__: INFO: - recall@6: 849 / 1028 = 0.825875
2018-06-09 20:55:44,751: __main__: INFO: - recall@7: 921 / 1028 = 0.895914
2018-06-09 20:55:44,751: __main__: INFO: - recall@8: 1027 / 1028 = 0.999027
2018-06-09 20:55:44,751: __main__: INFO: - recall@9: 1028 / 1028 = 1
2018-06-09 20:55:44,751: __main__: INFO: Predicted like human behavior with sampled selection:
2018-06-09 20:55:44,751: __main__: INFO: - recall@1: 206 / 1028 = 0.200389
2018-06-09 20:55:44,751: __main__: INFO: - recall@2: 395 / 1028 = 0.384241
2018-06-09 20:55:44,751: __main__: INFO: - recall@3: 493 / 1028 = 0.479572
2018-06-09 20:55:44,751: __main__: INFO: - recall@4: 590 / 1028 = 0.57393
2018-06-09 20:55:44,751: __main__: INFO: - recall@5: 710 / 1028 = 0.690661
2018-06-09 20:55:44,751: __main__: INFO: - recall@6: 829 / 1028 = 0.80642
2018-06-09 20:55:44,751: __main__: INFO: - recall@7: 927 / 1028 = 0.901751
2018-06-09 20:55:44,751: __main__: INFO: - recall@8: 1028 / 1028 = 1
2018-06-09 20:55:44,751: __main__: INFO: - recall@9: 1028 / 1028 = 1
2018-06-09 20:55:44,876: __main__: INFO: 
2018-06-09 20:55:44,876: __main__: INFO: Measuring recall@1 for each context length...
2018-06-09 20:55:44,989: __main__: INFO: Predicted like human behavior with rulebased selection:
2018-06-09 20:55:44,989: __main__: INFO: - recall@1 for context of size 1: 82 / 177 = 0.463276836158
2018-06-09 20:55:44,989: __main__: INFO: - recall@1 for context of size 2: 0 / 0 = inf
2018-06-09 20:55:44,989: __main__: INFO: - recall@1 for context of size 3: 33 / 177 = 0.186440677966
2018-06-09 20:55:44,989: __main__: INFO: - recall@1 for context of size 4: 0 / 0 = inf
2018-06-09 20:55:44,989: __main__: INFO: - recall@1 for context of size 5: 30 / 177 = 0.169491525424
2018-06-09 20:55:44,989: __main__: INFO: - recall@1 for context of size 6: 0 / 0 = inf
2018-06-09 20:55:44,989: __main__: INFO: - recall@1 for context of size 7: 29 / 177 = 0.16384180791
2018-06-09 20:55:44,989: __main__: INFO: - recall@1 for context of size 8: 0 / 0 = inf
2018-06-09 20:55:44,989: __main__: INFO: - recall@1 for context of size 9: 37 / 177 = 0.209039548023
2018-06-09 20:55:44,989: __main__: INFO: - recall@1 for context of size 10: 0 / 0 = inf
2018-06-09 20:55:44,989: __main__: INFO: - recall@1 for context of size 11: 20 / 75 = 0.266666666667
2018-06-09 20:55:44,989: __main__: INFO: - recall@1 for context of size 12: 0 / 0 = inf
2018-06-09 20:55:44,989: __main__: INFO: - recall@1 for context of size 13: 8 / 28 = 0.285714285714
2018-06-09 20:55:44,989: __main__: INFO: - recall@1 for context of size 14: 0 / 0 = inf
2018-06-09 20:55:44,989: __main__: INFO: - recall@1 for context of size 15: 4 / 17 = 0.235294117647
2018-06-09 20:55:44,989: __main__: INFO: - recall@1 for context of size 16: 0 / 0 = inf
2018-06-09 20:55:44,989: __main__: INFO: - recall@1 for context of size 17: 2 / 12 = 0.166666666667
2018-06-09 20:55:44,989: __main__: INFO: - recall@1 for context of size 18: 0 / 0 = inf
2018-06-09 20:55:44,989: __main__: INFO: - recall@1 for context of size 19: 2 / 7 = 0.285714285714
2018-06-09 20:55:44,989: __main__: INFO: - recall@1 for context of size 20: 0 / 0 = inf
2018-06-09 20:55:44,989: __main__: INFO: - recall@1 for context of size 21: 1 / 4 = 0.25
2018-06-09 20:55:44,989: __main__: INFO: Predicted like human behavior with argmax selection:
2018-06-09 20:55:44,989: __main__: INFO: - recall@1 for context of size 1: 109 / 177 = 0.61581920904
2018-06-09 20:55:44,989: __main__: INFO: - recall@1 for context of size 2: 0 / 0 = inf
2018-06-09 20:55:44,989: __main__: INFO: - recall@1 for context of size 3: 37 / 177 = 0.209039548023
2018-06-09 20:55:44,989: __main__: INFO: - recall@1 for context of size 4: 0 / 0 = inf
2018-06-09 20:55:44,989: __main__: INFO: - recall@1 for context of size 5: 27 / 177 = 0.152542372881
2018-06-09 20:55:44,989: __main__: INFO: - recall@1 for context of size 6: 0 / 0 = inf
2018-06-09 20:55:44,989: __main__: INFO: - recall@1 for context of size 7: 20 / 177 = 0.112994350282
2018-06-09 20:55:44,989: __main__: INFO: - recall@1 for context of size 8: 0 / 0 = inf
2018-06-09 20:55:44,989: __main__: INFO: - recall@1 for context of size 9: 24 / 177 = 0.135593220339
2018-06-09 20:55:44,989: __main__: INFO: - recall@1 for context of size 10: 0 / 0 = inf
2018-06-09 20:55:44,989: __main__: INFO: - recall@1 for context of size 11: 7 / 75 = 0.0933333333333
2018-06-09 20:55:44,989: __main__: INFO: - recall@1 for context of size 12: 0 / 0 = inf
2018-06-09 20:55:44,989: __main__: INFO: - recall@1 for context of size 13: 3 / 28 = 0.107142857143
2018-06-09 20:55:44,989: __main__: INFO: - recall@1 for context of size 14: 0 / 0 = inf
2018-06-09 20:55:44,989: __main__: INFO: - recall@1 for context of size 15: 2 / 17 = 0.117647058824
2018-06-09 20:55:44,989: __main__: INFO: - recall@1 for context of size 16: 0 / 0 = inf
2018-06-09 20:55:44,989: __main__: INFO: - recall@1 for context of size 17: 1 / 12 = 0.0833333333333
2018-06-09 20:55:44,989: __main__: INFO: - recall@1 for context of size 18: 0 / 0 = inf
2018-06-09 20:55:44,990: __main__: INFO: - recall@1 for context of size 19: 1 / 7 = 0.142857142857
2018-06-09 20:55:44,990: __main__: INFO: - recall@1 for context of size 20: 0 / 0 = inf
2018-06-09 20:55:44,990: __main__: INFO: - recall@1 for context of size 21: 1 / 4 = 0.25
2018-06-09 20:55:44,990: __main__: INFO: Predicted like human behavior with sampled selection:
2018-06-09 20:55:44,990: __main__: INFO: - recall@1 for context of size 1: 85 / 177 = 0.480225988701
2018-06-09 20:55:44,990: __main__: INFO: - recall@1 for context of size 2: 0 / 0 = inf
2018-06-09 20:55:44,990: __main__: INFO: - recall@1 for context of size 3: 21 / 177 = 0.118644067797
2018-06-09 20:55:44,990: __main__: INFO: - recall@1 for context of size 4: 0 / 0 = inf
2018-06-09 20:55:44,990: __main__: INFO: - recall@1 for context of size 5: 25 / 177 = 0.141242937853
2018-06-09 20:55:44,990: __main__: INFO: - recall@1 for context of size 6: 0 / 0 = inf
2018-06-09 20:55:44,990: __main__: INFO: - recall@1 for context of size 7: 23 / 177 = 0.129943502825
2018-06-09 20:55:44,990: __main__: INFO: - recall@1 for context of size 8: 0 / 0 = inf
2018-06-09 20:55:44,990: __main__: INFO: - recall@1 for context of size 9: 14 / 177 = 0.0790960451977
2018-06-09 20:55:44,990: __main__: INFO: - recall@1 for context of size 10: 0 / 0 = inf
2018-06-09 20:55:44,990: __main__: INFO: - recall@1 for context of size 11: 13 / 75 = 0.173333333333
2018-06-09 20:55:44,990: __main__: INFO: - recall@1 for context of size 12: 0 / 0 = inf
2018-06-09 20:55:44,990: __main__: INFO: - recall@1 for context of size 13: 6 / 28 = 0.214285714286
2018-06-09 20:55:44,990: __main__: INFO: - recall@1 for context of size 14: 0 / 0 = inf
2018-06-09 20:55:44,990: __main__: INFO: - recall@1 for context of size 15: 4 / 17 = 0.235294117647
2018-06-09 20:55:44,990: __main__: INFO: - recall@1 for context of size 16: 0 / 0 = inf
2018-06-09 20:55:44,990: __main__: INFO: - recall@1 for context of size 17: 1 / 12 = 0.0833333333333
2018-06-09 20:55:44,990: __main__: INFO: - recall@1 for context of size 18: 0 / 0 = inf
2018-06-09 20:55:44,990: __main__: INFO: - recall@1 for context of size 19: 0 / 7 = 0.0
2018-06-09 20:55:44,990: __main__: INFO: - recall@1 for context of size 20: 0 / 0 = inf
2018-06-09 20:55:44,990: __main__: INFO: - recall@1 for context of size 21: 2 / 4 = 0.5
q_test.py:1744: RuntimeWarning: invalid value encountered in divide
recalls_rulebased = np.array(recalls_rulebased) / np.array(totals_rulebased)
q_test.py:1745: RuntimeWarning: invalid value encountered in divide
recalls_argmax = np.array(recalls_argmax) / np.array(totals_argmax)
q_test.py:1746: RuntimeWarning: invalid value encountered in divide
recalls_sample = np.array(recalls_sample) / np.array(totals_sample)
2018-06-09 20:55:45,158: __main__: INFO: done.
